---------------------------------------------------------------
[ 2018-06-07T17:47:59+08:00 ] 127.0.0.1 127.0.0.1 GET /
[ info ] yx.com/ [运行时间：0.678038s][吞吐率：1.47req/s] [内存消耗：2,284.93kb] [文件加载：36]
[ info ] [ LANG ] D:\wamp64\web\youxue\thinkphp\lang\zh-cn.php
[ info ] [ ROUTE ] array (
  'type' => 'module',
  'module' => 
  array (
    0 => '',
    1 => NULL,
    2 => NULL,
  ),
)
[ info ] [ HEADER ] array (
  'host' => 'yx.com',
  'user-agent' => 'Mozilla/5.0 (Windows NT 6.1; Win64; x64; rv:60.0) Gecko/20100101 Firefox/60.0',
  'accept' => 'text/html,application/xhtml+xml,application/xml;q=0.9,*/*;q=0.8',
  'accept-language' => 'zh-CN,zh;q=0.8,zh-TW;q=0.7,zh-HK;q=0.5,en-US;q=0.3,en;q=0.2',
  'accept-encoding' => 'gzip, deflate',
  'connection' => 'keep-alive',
  'upgrade-insecure-requests' => '1',
)
[ info ] [ PARAM ] array (
)
[ info ] [ SESSION ] INIT array (
  'id' => '',
  'var_session_id' => '',
  'prefix' => 'think',
  'type' => '',
  'auto_start' => true,
)
[ info ] [ LOG ] INIT File
---------------------------------------------------------------
[ 2018-06-07T17:47:59+08:00 ] 127.0.0.1 127.0.0.1 GET /admin/Login/index
[ info ] yx.com/admin/Login/index [运行时间：0.140008s][吞吐率：7.14req/s] [内存消耗：2,444.27kb] [文件加载：38]
[ info ] [ LANG ] D:\wamp64\web\youxue\thinkphp\lang\zh-cn.php
[ info ] [ ROUTE ] array (
  'type' => 'module',
  'module' => 
  array (
    0 => 'admin',
    1 => 'Login',
    2 => 'index',
  ),
)
[ info ] [ HEADER ] array (
  'host' => 'yx.com',
  'user-agent' => 'Mozilla/5.0 (Windows NT 6.1; Win64; x64; rv:60.0) Gecko/20100101 Firefox/60.0',
  'accept' => 'text/html,application/xhtml+xml,application/xml;q=0.9,*/*;q=0.8',
  'accept-language' => 'zh-CN,zh;q=0.8,zh-TW;q=0.7,zh-HK;q=0.5,en-US;q=0.3,en;q=0.2',
  'accept-encoding' => 'gzip, deflate',
  'referer' => 'http://yx.com/',
  'cookie' => 'PHPSESSID=hd4p2672o2p3tbdnss6oe0hl52',
  'connection' => 'keep-alive',
  'upgrade-insecure-requests' => '1',
)
[ info ] [ PARAM ] array (
)
[ info ] [ RUN ] app\admin\controller\Login->index[ D:\wamp64\web\youxue\application\admin\controller\Login.php ]
[ info ] [ VIEW ] D:\wamp64\web\youxue\public/../application/admin\view\login\index.html [ array (
) ]
[ info ] [ LOG ] INIT File
---------------------------------------------------------------
[ 2018-06-07T17:48:06+08:00 ] 127.0.0.1 127.0.0.1 POST /admin/login/login.html
[ info ] yx.com/admin/login/login.html [运行时间：0.565032s][吞吐率：1.77req/s] [内存消耗：4,381.51kb] [文件加载：48]
[ info ] [ LANG ] D:\wamp64\web\youxue\thinkphp\lang\zh-cn.php
[ info ] [ ROUTE ] array (
  'type' => 'module',
  'module' => 
  array (
    0 => 'admin',
    1 => 'login',
    2 => 'login',
  ),
)
[ info ] [ HEADER ] array (
  'host' => 'yx.com',
  'user-agent' => 'Mozilla/5.0 (Windows NT 6.1; Win64; x64; rv:60.0) Gecko/20100101 Firefox/60.0',
  'accept' => 'text/html,application/xhtml+xml,application/xml;q=0.9,*/*;q=0.8',
  'accept-language' => 'zh-CN,zh;q=0.8,zh-TW;q=0.7,zh-HK;q=0.5,en-US;q=0.3,en;q=0.2',
  'accept-encoding' => 'gzip, deflate',
  'referer' => 'http://yx.com/admin/Login/index',
  'content-type' => 'application/x-www-form-urlencoded',
  'content-length' => '26',
  'cookie' => 'PHPSESSID=hd4p2672o2p3tbdnss6oe0hl52',
  'connection' => 'keep-alive',
  'upgrade-insecure-requests' => '1',
)
[ info ] [ PARAM ] array (
  'name' => 'admin',
  'password' => '123456',
)
[ info ] [ RUN ] app\admin\controller\Login->login[ D:\wamp64\web\youxue\application\admin\controller\Login.php ]
[ info ] [ DB ] INIT mysql
[ info ] [ SESSION ] INIT array (
  'id' => '',
  'var_session_id' => '',
  'prefix' => 'think',
  'type' => '',
  'auto_start' => true,
)
[ info ] [ LOG ] INIT File
[ sql ] [ DB ] CONNECT:[ UseTime:0.129007s ] mysql:dbname=yxtest;host=106.15.180.65;port=3306;charset=utf8
[ sql ] [ SQL ] SHOW COLUMNS FROM `t_admin` [ RunTime:0.042003s ]
[ sql ] [ SQL ] SELECT `id`,`name`,`type`,`shopId`,`schoolId` FROM `t_admin` WHERE  `name` = 'admin'  AND `password` = '78907c14d740487374d6a75dbaa41cde'  AND `isDelete` = 1 LIMIT 1 [ RunTime:0.052003s ]
---------------------------------------------------------------
[ 2018-06-07T17:48:06+08:00 ] 127.0.0.1 127.0.0.1 GET /admin/index/index.html
[ info ] yx.com/admin/index/index.html [运行时间：0.414024s][吞吐率：2.42req/s] [内存消耗：4,549.88kb] [文件加载：48]
[ info ] [ LANG ] D:\wamp64\web\youxue\thinkphp\lang\zh-cn.php
[ info ] [ ROUTE ] array (
  'type' => 'module',
  'module' => 
  array (
    0 => 'admin',
    1 => 'index',
    2 => 'index',
  ),
)
[ info ] [ HEADER ] array (
  'host' => 'yx.com',
  'user-agent' => 'Mozilla/5.0 (Windows NT 6.1; Win64; x64; rv:60.0) Gecko/20100101 Firefox/60.0',
  'accept' => 'text/html,application/xhtml+xml,application/xml;q=0.9,*/*;q=0.8',
  'accept-language' => 'zh-CN,zh;q=0.8,zh-TW;q=0.7,zh-HK;q=0.5,en-US;q=0.3,en;q=0.2',
  'accept-encoding' => 'gzip, deflate',
  'referer' => 'http://yx.com/admin/Login/index',
  'cookie' => 'PHPSESSID=hd4p2672o2p3tbdnss6oe0hl52',
  'connection' => 'keep-alive',
  'upgrade-insecure-requests' => '1',
)
[ info ] [ PARAM ] array (
)
[ info ] [ SESSION ] INIT array (
  'id' => '',
  'var_session_id' => '',
  'prefix' => 'think',
  'type' => '',
  'auto_start' => true,
)
[ info ] [ DB ] INIT mysql
[ info ] [ RUN ] app\admin\controller\Index->index[ D:\wamp64\web\youxue\application\admin\controller\Index.php ]
[ info ] [ VIEW ] D:\wamp64\web\youxue\public/../application/admin\view\index\index.html [ array (
  0 => 'menus',
) ]
[ info ] [ LOG ] INIT File
[ sql ] [ DB ] CONNECT:[ UseTime:0.047003s ] mysql:dbname=yxtest;host=106.15.180.65;port=3306;charset=utf8
[ sql ] [ SQL ] SHOW COLUMNS FROM `t_admin_access` [ RunTime:0.022001s ]
[ sql ] [ SQL ] SELECT `ids` FROM `t_admin_access` WHERE  `uid` = 1 LIMIT 1 [ RunTime:0.038002s ]
[ sql ] [ SQL ] SHOW COLUMNS FROM `t_menu` [ RunTime:0.042002s ]
[ sql ] [ SQL ] SELECT `id` FROM `t_menu` WHERE  `url` = 'admin/Index/index' LIMIT 1 [ RunTime:0.029002s ]
[ sql ] [ SQL ] SELECT `id`,`url`,`pid`,`name`,`icon` FROM `t_menu` WHERE  `status` = 1  AND `type` = 1 ORDER BY `sort`  DESC,`id`  ASC [ RunTime:0.042002s ]
---------------------------------------------------------------
[ 2018-06-07T17:48:07+08:00 ] 127.0.0.1 127.0.0.1 GET /admin/Index/welcome.html
[ info ] yx.com/admin/Index/welcome.html [运行时间：0.223012s][吞吐率：4.48req/s] [内存消耗：4,400.45kb] [文件加载：47]
[ info ] [ LANG ] D:\wamp64\web\youxue\thinkphp\lang\zh-cn.php
[ info ] [ ROUTE ] array (
  'type' => 'module',
  'module' => 
  array (
    0 => 'admin',
    1 => 'Index',
    2 => 'welcome',
  ),
)
[ info ] [ HEADER ] array (
  'host' => 'yx.com',
  'user-agent' => 'Mozilla/5.0 (Windows NT 6.1; Win64; x64; rv:60.0) Gecko/20100101 Firefox/60.0',
  'accept' => 'text/html,application/xhtml+xml,application/xml;q=0.9,*/*;q=0.8',
  'accept-language' => 'zh-CN,zh;q=0.8,zh-TW;q=0.7,zh-HK;q=0.5,en-US;q=0.3,en;q=0.2',
  'accept-encoding' => 'gzip, deflate',
  'referer' => 'http://yx.com/admin/index/index.html',
  'cookie' => 'PHPSESSID=hd4p2672o2p3tbdnss6oe0hl52',
  'connection' => 'keep-alive',
  'upgrade-insecure-requests' => '1',
)
[ info ] [ PARAM ] array (
)
[ info ] [ SESSION ] INIT array (
  'id' => '',
  'var_session_id' => '',
  'prefix' => 'think',
  'type' => '',
  'auto_start' => true,
)
[ info ] [ DB ] INIT mysql
[ info ] [ RUN ] app\admin\controller\Index->welcome[ D:\wamp64\web\youxue\application\admin\controller\Index.php ]
[ info ] [ VIEW ] D:\wamp64\web\youxue\public/../application/admin\view\index\welcome.html [ array (
  0 => 'menus',
) ]
[ info ] [ LOG ] INIT File
[ sql ] [ DB ] CONNECT:[ UseTime:0.033002s ] mysql:dbname=yxtest;host=106.15.180.65;port=3306;charset=utf8
[ sql ] [ SQL ] SHOW COLUMNS FROM `t_admin_access` [ RunTime:0.034002s ]
[ sql ] [ SQL ] SELECT `ids` FROM `t_admin_access` WHERE  `uid` = 1 LIMIT 1 [ RunTime:0.031002s ]
[ sql ] [ SQL ] SHOW COLUMNS FROM `t_menu` [ RunTime:0.031002s ]
[ sql ] [ SQL ] SELECT `id` FROM `t_menu` WHERE  `url` = 'admin/Index/welcome' LIMIT 1 [ RunTime:0.021001s ]
[ sql ] [ SQL ] SELECT `id`,`url`,`pid`,`name`,`icon` FROM `t_menu` WHERE  `status` = 1  AND `type` = 1 ORDER BY `sort`  DESC,`id`  ASC [ RunTime:0.022002s ]
---------------------------------------------------------------
[ 2018-06-07T17:48:22+08:00 ] 127.0.0.1 127.0.0.1 GET /admin/Finance/adminMoney.html
[ info ] yx.com/admin/Finance/adminMoney.html [运行时间：0.871050s][吞吐率：1.15req/s] [内存消耗：5,082.27kb] [文件加载：52]
[ info ] [ LANG ] D:\wamp64\web\youxue\thinkphp\lang\zh-cn.php
[ info ] [ ROUTE ] array (
  'type' => 'module',
  'module' => 
  array (
    0 => 'admin',
    1 => 'Finance',
    2 => 'adminMoney',
  ),
)
[ info ] [ HEADER ] array (
  'host' => 'yx.com',
  'user-agent' => 'Mozilla/5.0 (Windows NT 6.1; Win64; x64; rv:60.0) Gecko/20100101 Firefox/60.0',
  'accept' => 'text/html,application/xhtml+xml,application/xml;q=0.9,*/*;q=0.8',
  'accept-language' => 'zh-CN,zh;q=0.8,zh-TW;q=0.7,zh-HK;q=0.5,en-US;q=0.3,en;q=0.2',
  'accept-encoding' => 'gzip, deflate',
  'referer' => 'http://yx.com/admin/index/index.html',
  'cookie' => 'PHPSESSID=hd4p2672o2p3tbdnss6oe0hl52',
  'connection' => 'keep-alive',
  'upgrade-insecure-requests' => '1',
)
[ info ] [ PARAM ] array (
)
[ info ] [ SESSION ] INIT array (
  'id' => '',
  'var_session_id' => '',
  'prefix' => 'think',
  'type' => '',
  'auto_start' => true,
)
[ info ] [ DB ] INIT mysql
[ info ] [ RUN ] app\admin\controller\Finance->adminMoney[ D:\wamp64\web\youxue\application\admin\controller\Finance.php ]
[ info ] [ VIEW ] D:\wamp64\web\youxue\public/../application/admin\view\finance\adminMoney.html [ array (
  0 => 'menus',
  1 => 'date',
  2 => 'totalData',
  3 => 'shops',
  4 => 'lists',
  5 => 'page',
) ]
[ info ] [ LOG ] INIT File
[ sql ] [ DB ] CONNECT:[ UseTime:0.050003s ] mysql:dbname=yxtest;host=106.15.180.65;port=3306;charset=utf8
[ sql ] [ SQL ] SHOW COLUMNS FROM `t_admin_access` [ RunTime:0.046003s ]
[ sql ] [ SQL ] SELECT `ids` FROM `t_admin_access` WHERE  `uid` = 1 LIMIT 1 [ RunTime:0.027001s ]
[ sql ] [ SQL ] SHOW COLUMNS FROM `t_menu` [ RunTime:0.031001s ]
[ sql ] [ SQL ] SELECT `id` FROM `t_menu` WHERE  `url` = 'admin/Finance/adminMoney' LIMIT 1 [ RunTime:0.027001s ]
[ sql ] [ SQL ] SELECT `id`,`url`,`pid`,`name`,`icon` FROM `t_menu` WHERE  `status` = 1  AND `type` = 1 ORDER BY `sort`  DESC,`id`  ASC [ RunTime:0.028002s ]
[ sql ] [ SQL ] SHOW COLUMNS FROM `t_shop_money_record` [ RunTime:0.037002s ]
[ sql ] [ SQL ] SELECT SUM(money) AS tp_sum FROM `t_shop_money_record` WHERE  `recordDate` BETWEEN 1527696000 AND 1528300799 LIMIT 1 [ RunTime:0.024002s ]
[ sql ] [ SQL ] SELECT SUM(money) AS tp_sum FROM `t_shop_money_record` WHERE  (  isOff=1 )  AND `recordDate` BETWEEN 1527696000 AND 1528300799 LIMIT 1 [ RunTime:0.035002s ]
[ sql ] [ SQL ] SELECT SUM(money) AS tp_sum FROM `t_shop_money_record` WHERE  (  isOff=0 )  AND `recordDate` BETWEEN 1527696000 AND 1528300799 LIMIT 1 [ RunTime:0.023001s ]
[ sql ] [ SQL ] SHOW COLUMNS FROM `t_shop` [ RunTime:0.032002s ]
[ sql ] [ SQL ] SELECT `id`,`name` FROM `t_shop` WHERE  (  status!=3 ) [ RunTime:0.024002s ]
[ sql ] [ SQL ] SELECT COUNT(*) AS tp_count FROM `t_shop` WHERE  (  status!=3 ) LIMIT 1 [ RunTime:0.039003s ]
[ sql ] [ SQL ] SELECT `id`,`name`,money as yuEMoney FROM `t_shop` WHERE  (  status!=3 ) LIMIT 0,10 [ RunTime:0.030002s ]
[ sql ] [ SQL ] SELECT `shopId`,SUM(money) as allMoney FROM `t_shop_money_record` WHERE  `recordDate` BETWEEN 1527696000 AND 1528300799 GROUP BY shopId [ RunTime:0.026002s ]
[ sql ] [ SQL ] SELECT `shopId`,SUM(money) as yesMoney FROM `t_shop_money_record` WHERE  `recordDate` BETWEEN 1527696000 AND 1528300799  AND (  isOff=1 ) GROUP BY shopId [ RunTime:0.035002s ]
[ sql ] [ SQL ] SELECT `shopId`,SUM(money) as noMoney FROM `t_shop_money_record` WHERE  `recordDate` BETWEEN 1527696000 AND 1528300799  AND (  isOff=0 ) GROUP BY shopId [ RunTime:0.038002s ]
---------------------------------------------------------------
[ 2018-06-07T17:48:30+08:00 ] 127.0.0.1 127.0.0.1 GET /admin/FinanceStatistics/shopStatistics.html
[ info ] yx.com/admin/FinanceStatistics/shopStatistics.html [运行时间：0.405023s][吞吐率：2.47req/s] [内存消耗：4,867.55kb] [文件加载：50]
[ info ] [ LANG ] D:\wamp64\web\youxue\thinkphp\lang\zh-cn.php
[ info ] [ ROUTE ] array (
  'type' => 'module',
  'module' => 
  array (
    0 => 'admin',
    1 => 'FinanceStatistics',
    2 => 'shopStatistics',
  ),
)
[ info ] [ HEADER ] array (
  'host' => 'yx.com',
  'user-agent' => 'Mozilla/5.0 (Windows NT 6.1; Win64; x64; rv:60.0) Gecko/20100101 Firefox/60.0',
  'accept' => 'text/html,application/xhtml+xml,application/xml;q=0.9,*/*;q=0.8',
  'accept-language' => 'zh-CN,zh;q=0.8,zh-TW;q=0.7,zh-HK;q=0.5,en-US;q=0.3,en;q=0.2',
  'accept-encoding' => 'gzip, deflate',
  'referer' => 'http://yx.com/admin/index/index.html',
  'cookie' => 'PHPSESSID=hd4p2672o2p3tbdnss6oe0hl52',
  'connection' => 'keep-alive',
  'upgrade-insecure-requests' => '1',
)
[ info ] [ PARAM ] array (
)
[ info ] [ SESSION ] INIT array (
  'id' => '',
  'var_session_id' => '',
  'prefix' => 'think',
  'type' => '',
  'auto_start' => true,
)
[ info ] [ DB ] INIT mysql
[ info ] [ RUN ] app\admin\controller\FinanceStatistics->shopStatistics[ D:\wamp64\web\youxue\application\admin\controller\FinanceStatistics.php ]
[ info ] [ VIEW ] D:\wamp64\web\youxue\public/../application/admin\view\finance_statistics\shopStatistics.html [ array (
  0 => 'menus',
  1 => 'data',
  2 => 'lists',
) ]
[ info ] [ LOG ] INIT File
[ sql ] [ DB ] CONNECT:[ UseTime:0.042003s ] mysql:dbname=yxtest;host=106.15.180.65;port=3306;charset=utf8
[ sql ] [ SQL ] SHOW COLUMNS FROM `t_admin_access` [ RunTime:0.031002s ]
[ sql ] [ SQL ] SELECT `ids` FROM `t_admin_access` WHERE  `uid` = 1 LIMIT 1 [ RunTime:0.022001s ]
[ sql ] [ SQL ] SHOW COLUMNS FROM `t_menu` [ RunTime:0.026002s ]
[ sql ] [ SQL ] SELECT `id` FROM `t_menu` WHERE  `url` = 'admin/FinanceStatistics/shopStatistics' LIMIT 1 [ RunTime:0.022001s ]
[ sql ] [ SQL ] SELECT `id`,`url`,`pid`,`name`,`icon` FROM `t_menu` WHERE  `status` = 1  AND `type` = 1 ORDER BY `sort`  DESC,`id`  ASC [ RunTime:0.035002s ]
[ sql ] [ SQL ] SHOW COLUMNS FROM `t_shop` [ RunTime:0.023001s ]
[ sql ] [ SQL ] SELECT `id`,`name` FROM `t_shop` WHERE  (  status!=3 ) [ RunTime:0.022001s ]
---------------------------------------------------------------
[ 2018-06-07T17:48:31+08:00 ] 127.0.0.1 127.0.0.1 GET /admin/FinanceStatistics/dataAjax?type=1&aTime=2018-05-31&bTime=2018-06-06&shopId=0&action=shop
[ info ] yx.com/admin/FinanceStatistics/dataAjax?type=1&aTime=2018-05-31&bTime=2018-06-06&shopId=0&action=shop [运行时间：0.330018s][吞吐率：3.03req/s] [内存消耗：4,596.30kb] [文件加载：48]
[ info ] [ LANG ] D:\wamp64\web\youxue\thinkphp\lang\zh-cn.php
[ info ] [ ROUTE ] array (
  'type' => 'module',
  'module' => 
  array (
    0 => 'admin',
    1 => 'FinanceStatistics',
    2 => 'dataAjax',
  ),
)
[ info ] [ HEADER ] array (
  'host' => 'yx.com',
  'user-agent' => 'Mozilla/5.0 (Windows NT 6.1; Win64; x64; rv:60.0) Gecko/20100101 Firefox/60.0',
  'accept' => 'application/json, text/javascript, */*; q=0.01',
  'accept-language' => 'zh-CN,zh;q=0.8,zh-TW;q=0.7,zh-HK;q=0.5,en-US;q=0.3,en;q=0.2',
  'accept-encoding' => 'gzip, deflate',
  'referer' => 'http://yx.com/admin/FinanceStatistics/shopStatistics.html',
  'x-requested-with' => 'XMLHttpRequest',
  'cookie' => 'PHPSESSID=hd4p2672o2p3tbdnss6oe0hl52',
  'connection' => 'keep-alive',
)
[ info ] [ PARAM ] array (
  'type' => '1',
  'aTime' => '2018-05-31',
  'bTime' => '2018-06-06',
  'shopId' => '0',
  'action' => 'shop',
)
[ info ] [ SESSION ] INIT array (
  'id' => '',
  'var_session_id' => '',
  'prefix' => 'think',
  'type' => '',
  'auto_start' => true,
)
[ info ] [ DB ] INIT mysql
[ info ] [ RUN ] app\admin\controller\FinanceStatistics->dataAjax[ D:\wamp64\web\youxue\application\admin\controller\FinanceStatistics.php ]
[ info ] [ LOG ] INIT File
[ sql ] [ DB ] CONNECT:[ UseTime:0.046003s ] mysql:dbname=yxtest;host=106.15.180.65;port=3306;charset=utf8
[ sql ] [ SQL ] SHOW COLUMNS FROM `t_admin_access` [ RunTime:0.019001s ]
[ sql ] [ SQL ] SELECT `ids` FROM `t_admin_access` WHERE  `uid` = 1 LIMIT 1 [ RunTime:0.019001s ]
[ sql ] [ SQL ] SHOW COLUMNS FROM `t_menu` [ RunTime:0.023002s ]
[ sql ] [ SQL ] SELECT `id` FROM `t_menu` WHERE  `url` = 'admin/FinanceStatistics/dataAjax' LIMIT 1 [ RunTime:0.022001s ]
[ sql ] [ SQL ] SELECT `id`,`url`,`pid`,`name`,`icon` FROM `t_menu` WHERE  `status` = 1  AND `type` = 1 ORDER BY `sort`  DESC,`id`  ASC [ RunTime:0.020001s ]
[ sql ] [ SQL ] SHOW COLUMNS FROM `t_shop_money_record` [ RunTime:0.020001s ]
[ sql ] [ SQL ] SELECT FROM_UNIXTIME(recordDate,'%Y-%m-%d') as time,SUM(money) as totalMoney FROM `t_shop_money_record` WHERE  `recordDate` BETWEEN 1527696000 AND 1528300799 GROUP BY FROM_UNIXTIME(recordDate,'%Y-%m-%d') [ RunTime:0.018001s ]
[ sql ] [ SQL ] SELECT FROM_UNIXTIME(recordDate,'%Y-%m-%d') as time,SUM(money) as totalMoney FROM `t_shop_money_record` WHERE  (  isOff=1 )  AND `recordDate` BETWEEN 1527696000 AND 1528300799 GROUP BY FROM_UNIXTIME(recordDate,'%Y-%m-%d') [ RunTime:0.024001s ]
[ sql ] [ SQL ] SELECT FROM_UNIXTIME(recordDate,'%Y-%m-%d') as time,SUM(money) as totalMoney FROM `t_shop_money_record` WHERE  (  isOff=0 )  AND `recordDate` BETWEEN 1527696000 AND 1528300799 GROUP BY FROM_UNIXTIME(recordDate,'%Y-%m-%d') [ RunTime:0.033002s ]
---------------------------------------------------------------
[ 2018-06-07T17:49:04+08:00 ] 127.0.0.1 127.0.0.1 GET /admin/FinanceStatistics/dataAjax?type=1&aTime=2017-04-30&bTime=2017-08-06&shopId=0&action=shop
[ info ] yx.com/admin/FinanceStatistics/dataAjax?type=1&aTime=2017-04-30&bTime=2017-08-06&shopId=0&action=shop [运行时间：0.327019s][吞吐率：3.06req/s] [内存消耗：4,596.68kb] [文件加载：48]
[ info ] [ LANG ] D:\wamp64\web\youxue\thinkphp\lang\zh-cn.php
[ info ] [ ROUTE ] array (
  'type' => 'module',
  'module' => 
  array (
    0 => 'admin',
    1 => 'FinanceStatistics',
    2 => 'dataAjax',
  ),
)
[ info ] [ HEADER ] array (
  'host' => 'yx.com',
  'user-agent' => 'Mozilla/5.0 (Windows NT 6.1; Win64; x64; rv:60.0) Gecko/20100101 Firefox/60.0',
  'accept' => 'application/json, text/javascript, */*; q=0.01',
  'accept-language' => 'zh-CN,zh;q=0.8,zh-TW;q=0.7,zh-HK;q=0.5,en-US;q=0.3,en;q=0.2',
  'accept-encoding' => 'gzip, deflate',
  'referer' => 'http://yx.com/admin/FinanceStatistics/shopStatistics.html',
  'x-requested-with' => 'XMLHttpRequest',
  'cookie' => 'PHPSESSID=hd4p2672o2p3tbdnss6oe0hl52',
  'connection' => 'keep-alive',
)
[ info ] [ PARAM ] array (
  'type' => '1',
  'aTime' => '2017-04-30',
  'bTime' => '2017-08-06',
  'shopId' => '0',
  'action' => 'shop',
)
[ info ] [ SESSION ] INIT array (
  'id' => '',
  'var_session_id' => '',
  'prefix' => 'think',
  'type' => '',
  'auto_start' => true,
)
[ info ] [ DB ] INIT mysql
[ info ] [ RUN ] app\admin\controller\FinanceStatistics->dataAjax[ D:\wamp64\web\youxue\application\admin\controller\FinanceStatistics.php ]
[ info ] [ LOG ] INIT File
[ sql ] [ DB ] CONNECT:[ UseTime:0.033001s ] mysql:dbname=yxtest;host=106.15.180.65;port=3306;charset=utf8
[ sql ] [ SQL ] SHOW COLUMNS FROM `t_admin_access` [ RunTime:0.024001s ]
[ sql ] [ SQL ] SELECT `ids` FROM `t_admin_access` WHERE  `uid` = 1 LIMIT 1 [ RunTime:0.021001s ]
[ sql ] [ SQL ] SHOW COLUMNS FROM `t_menu` [ RunTime:0.023002s ]
[ sql ] [ SQL ] SELECT `id` FROM `t_menu` WHERE  `url` = 'admin/FinanceStatistics/dataAjax' LIMIT 1 [ RunTime:0.022001s ]
[ sql ] [ SQL ] SELECT `id`,`url`,`pid`,`name`,`icon` FROM `t_menu` WHERE  `status` = 1  AND `type` = 1 ORDER BY `sort`  DESC,`id`  ASC [ RunTime:0.027002s ]
[ sql ] [ SQL ] SHOW COLUMNS FROM `t_shop_money_record` [ RunTime:0.024001s ]
[ sql ] [ SQL ] SELECT FROM_UNIXTIME(recordDate,'%Y-%m-%d') as time,SUM(money) as totalMoney FROM `t_shop_money_record` WHERE  `recordDate` BETWEEN 1493481600 AND 1502035199 GROUP BY FROM_UNIXTIME(recordDate,'%Y-%m-%d') [ RunTime:0.022001s ]
[ sql ] [ SQL ] SELECT FROM_UNIXTIME(recordDate,'%Y-%m-%d') as time,SUM(money) as totalMoney FROM `t_shop_money_record` WHERE  (  isOff=1 )  AND `recordDate` BETWEEN 1493481600 AND 1502035199 GROUP BY FROM_UNIXTIME(recordDate,'%Y-%m-%d') [ RunTime:0.023001s ]
[ sql ] [ SQL ] SELECT FROM_UNIXTIME(recordDate,'%Y-%m-%d') as time,SUM(money) as totalMoney FROM `t_shop_money_record` WHERE  (  isOff=0 )  AND `recordDate` BETWEEN 1493481600 AND 1502035199 GROUP BY FROM_UNIXTIME(recordDate,'%Y-%m-%d') [ RunTime:0.022002s ]
---------------------------------------------------------------
[ 2018-06-07T17:49:23+08:00 ] 127.0.0.1 127.0.0.1 GET /admin/FinanceStatistics/dataAjax?type=1&aTime=2016-04-30&bTime=2017-10-06&shopId=0&action=shop
[ info ] yx.com/admin/FinanceStatistics/dataAjax?type=1&aTime=2016-04-30&bTime=2017-10-06&shopId=0&action=shop [运行时间：0.359021s][吞吐率：2.79req/s] [内存消耗：4,599.56kb] [文件加载：48]
[ info ] [ LANG ] D:\wamp64\web\youxue\thinkphp\lang\zh-cn.php
[ info ] [ ROUTE ] array (
  'type' => 'module',
  'module' => 
  array (
    0 => 'admin',
    1 => 'FinanceStatistics',
    2 => 'dataAjax',
  ),
)
[ info ] [ HEADER ] array (
  'host' => 'yx.com',
  'user-agent' => 'Mozilla/5.0 (Windows NT 6.1; Win64; x64; rv:60.0) Gecko/20100101 Firefox/60.0',
  'accept' => 'application/json, text/javascript, */*; q=0.01',
  'accept-language' => 'zh-CN,zh;q=0.8,zh-TW;q=0.7,zh-HK;q=0.5,en-US;q=0.3,en;q=0.2',
  'accept-encoding' => 'gzip, deflate',
  'referer' => 'http://yx.com/admin/FinanceStatistics/shopStatistics.html',
  'x-requested-with' => 'XMLHttpRequest',
  'cookie' => 'PHPSESSID=hd4p2672o2p3tbdnss6oe0hl52',
  'connection' => 'keep-alive',
)
[ info ] [ PARAM ] array (
  'type' => '1',
  'aTime' => '2016-04-30',
  'bTime' => '2017-10-06',
  'shopId' => '0',
  'action' => 'shop',
)
[ info ] [ SESSION ] INIT array (
  'id' => '',
  'var_session_id' => '',
  'prefix' => 'think',
  'type' => '',
  'auto_start' => true,
)
[ info ] [ DB ] INIT mysql
[ info ] [ RUN ] app\admin\controller\FinanceStatistics->dataAjax[ D:\wamp64\web\youxue\application\admin\controller\FinanceStatistics.php ]
[ info ] [ LOG ] INIT File
[ sql ] [ DB ] CONNECT:[ UseTime:0.034001s ] mysql:dbname=yxtest;host=106.15.180.65;port=3306;charset=utf8
[ sql ] [ SQL ] SHOW COLUMNS FROM `t_admin_access` [ RunTime:0.023002s ]
[ sql ] [ SQL ] SELECT `ids` FROM `t_admin_access` WHERE  `uid` = 1 LIMIT 1 [ RunTime:0.038002s ]
[ sql ] [ SQL ] SHOW COLUMNS FROM `t_menu` [ RunTime:0.032002s ]
[ sql ] [ SQL ] SELECT `id` FROM `t_menu` WHERE  `url` = 'admin/FinanceStatistics/dataAjax' LIMIT 1 [ RunTime:0.023001s ]
[ sql ] [ SQL ] SELECT `id`,`url`,`pid`,`name`,`icon` FROM `t_menu` WHERE  `status` = 1  AND `type` = 1 ORDER BY `sort`  DESC,`id`  ASC [ RunTime:0.032001s ]
[ sql ] [ SQL ] SHOW COLUMNS FROM `t_shop_money_record` [ RunTime:0.023001s ]
[ sql ] [ SQL ] SELECT FROM_UNIXTIME(recordDate,'%Y-%m-%d') as time,SUM(money) as totalMoney FROM `t_shop_money_record` WHERE  `recordDate` BETWEEN 1461945600 AND 1507305599 GROUP BY FROM_UNIXTIME(recordDate,'%Y-%m-%d') [ RunTime:0.022001s ]
[ sql ] [ SQL ] SELECT FROM_UNIXTIME(recordDate,'%Y-%m-%d') as time,SUM(money) as totalMoney FROM `t_shop_money_record` WHERE  (  isOff=1 )  AND `recordDate` BETWEEN 1461945600 AND 1507305599 GROUP BY FROM_UNIXTIME(recordDate,'%Y-%m-%d') [ RunTime:0.022002s ]
[ sql ] [ SQL ] SELECT FROM_UNIXTIME(recordDate,'%Y-%m-%d') as time,SUM(money) as totalMoney FROM `t_shop_money_record` WHERE  (  isOff=0 )  AND `recordDate` BETWEEN 1461945600 AND 1507305599 GROUP BY FROM_UNIXTIME(recordDate,'%Y-%m-%d') [ RunTime:0.021001s ]
---------------------------------------------------------------
[ 2018-06-07T17:49:28+08:00 ] 127.0.0.1 127.0.0.1 GET /admin/FinanceStatistics/adminStatistics.html
[ info ] yx.com/admin/FinanceStatistics/adminStatistics.html [运行时间：0.289016s][吞吐率：3.46req/s] [内存消耗：4,712.59kb] [文件加载：49]
[ info ] [ LANG ] D:\wamp64\web\youxue\thinkphp\lang\zh-cn.php
[ info ] [ ROUTE ] array (
  'type' => 'module',
  'module' => 
  array (
    0 => 'admin',
    1 => 'FinanceStatistics',
    2 => 'adminStatistics',
  ),
)
[ info ] [ HEADER ] array (
  'host' => 'yx.com',
  'user-agent' => 'Mozilla/5.0 (Windows NT 6.1; Win64; x64; rv:60.0) Gecko/20100101 Firefox/60.0',
  'accept' => 'text/html,application/xhtml+xml,application/xml;q=0.9,*/*;q=0.8',
  'accept-language' => 'zh-CN,zh;q=0.8,zh-TW;q=0.7,zh-HK;q=0.5,en-US;q=0.3,en;q=0.2',
  'accept-encoding' => 'gzip, deflate',
  'referer' => 'http://yx.com/admin/index/index.html',
  'cookie' => 'PHPSESSID=hd4p2672o2p3tbdnss6oe0hl52',
  'connection' => 'keep-alive',
  'upgrade-insecure-requests' => '1',
)
[ info ] [ PARAM ] array (
)
[ info ] [ SESSION ] INIT array (
  'id' => '',
  'var_session_id' => '',
  'prefix' => 'think',
  'type' => '',
  'auto_start' => true,
)
[ info ] [ DB ] INIT mysql
[ info ] [ RUN ] app\admin\controller\FinanceStatistics->adminStatistics[ D:\wamp64\web\youxue\application\admin\controller\FinanceStatistics.php ]
[ info ] [ VIEW ] D:\wamp64\web\youxue\public/../application/admin\view\finance_statistics\adminStatistics.html [ array (
  0 => 'menus',
  1 => 'data',
) ]
[ info ] [ LOG ] INIT File
[ sql ] [ DB ] CONNECT:[ UseTime:0.040003s ] mysql:dbname=yxtest;host=106.15.180.65;port=3306;charset=utf8
[ sql ] [ SQL ] SHOW COLUMNS FROM `t_admin_access` [ RunTime:0.023001s ]
[ sql ] [ SQL ] SELECT `ids` FROM `t_admin_access` WHERE  `uid` = 1 LIMIT 1 [ RunTime:0.033002s ]
[ sql ] [ SQL ] SHOW COLUMNS FROM `t_menu` [ RunTime:0.021001s ]
[ sql ] [ SQL ] SELECT `id` FROM `t_menu` WHERE  `url` = 'admin/FinanceStatistics/adminStatistics' LIMIT 1 [ RunTime:0.029002s ]
[ sql ] [ SQL ] SELECT `id`,`url`,`pid`,`name`,`icon` FROM `t_menu` WHERE  `status` = 1  AND `type` = 1 ORDER BY `sort`  DESC,`id`  ASC [ RunTime:0.025001s ]
---------------------------------------------------------------
[ 2018-06-07T17:49:28+08:00 ] 127.0.0.1 127.0.0.1 GET /admin/FinanceStatistics/dataAjax?type=1&aTime=2018-05-31&bTime=2018-06-06&action=admin
[ info ] yx.com/admin/FinanceStatistics/dataAjax?type=1&aTime=2018-05-31&bTime=2018-06-06&action=admin [运行时间：0.293017s][吞吐率：3.41req/s] [内存消耗：4,596.22kb] [文件加载：48]
[ info ] [ LANG ] D:\wamp64\web\youxue\thinkphp\lang\zh-cn.php
[ info ] [ ROUTE ] array (
  'type' => 'module',
  'module' => 
  array (
    0 => 'admin',
    1 => 'FinanceStatistics',
    2 => 'dataAjax',
  ),
)
[ info ] [ HEADER ] array (
  'host' => 'yx.com',
  'user-agent' => 'Mozilla/5.0 (Windows NT 6.1; Win64; x64; rv:60.0) Gecko/20100101 Firefox/60.0',
  'accept' => 'application/json, text/javascript, */*; q=0.01',
  'accept-language' => 'zh-CN,zh;q=0.8,zh-TW;q=0.7,zh-HK;q=0.5,en-US;q=0.3,en;q=0.2',
  'accept-encoding' => 'gzip, deflate',
  'referer' => 'http://yx.com/admin/FinanceStatistics/adminStatistics.html',
  'x-requested-with' => 'XMLHttpRequest',
  'cookie' => 'PHPSESSID=hd4p2672o2p3tbdnss6oe0hl52',
  'connection' => 'keep-alive',
)
[ info ] [ PARAM ] array (
  'type' => '1',
  'aTime' => '2018-05-31',
  'bTime' => '2018-06-06',
  'action' => 'admin',
)
[ info ] [ SESSION ] INIT array (
  'id' => '',
  'var_session_id' => '',
  'prefix' => 'think',
  'type' => '',
  'auto_start' => true,
)
[ info ] [ DB ] INIT mysql
[ info ] [ RUN ] app\admin\controller\FinanceStatistics->dataAjax[ D:\wamp64\web\youxue\application\admin\controller\FinanceStatistics.php ]
[ info ] [ LOG ] INIT File
[ sql ] [ DB ] CONNECT:[ UseTime:0.032002s ] mysql:dbname=yxtest;host=106.15.180.65;port=3306;charset=utf8
[ sql ] [ SQL ] SHOW COLUMNS FROM `t_admin_access` [ RunTime:0.020001s ]
[ sql ] [ SQL ] SELECT `ids` FROM `t_admin_access` WHERE  `uid` = 1 LIMIT 1 [ RunTime:0.021001s ]
[ sql ] [ SQL ] SHOW COLUMNS FROM `t_menu` [ RunTime:0.033002s ]
[ sql ] [ SQL ] SELECT `id` FROM `t_menu` WHERE  `url` = 'admin/FinanceStatistics/dataAjax' LIMIT 1 [ RunTime:0.020001s ]
[ sql ] [ SQL ] SELECT `id`,`url`,`pid`,`name`,`icon` FROM `t_menu` WHERE  `status` = 1  AND `type` = 1 ORDER BY `sort`  DESC,`id`  ASC [ RunTime:0.021002s ]
[ sql ] [ SQL ] SHOW COLUMNS FROM `t_shop_money_record` [ RunTime:0.021001s ]
[ sql ] [ SQL ] SELECT FROM_UNIXTIME(recordDate,'%Y-%m-%d') as time,SUM(money) as totalMoney FROM `t_shop_money_record` WHERE  `recordDate` BETWEEN 1527696000 AND 1528300799 GROUP BY FROM_UNIXTIME(recordDate,'%Y-%m-%d') [ RunTime:0.019001s ]
[ sql ] [ SQL ] SELECT FROM_UNIXTIME(recordDate,'%Y-%m-%d') as time,SUM(money) as totalMoney FROM `t_shop_money_record` WHERE  (  isOff=1 )  AND `recordDate` BETWEEN 1527696000 AND 1528300799 GROUP BY FROM_UNIXTIME(recordDate,'%Y-%m-%d') [ RunTime:0.033002s ]
[ sql ] [ SQL ] SELECT FROM_UNIXTIME(recordDate,'%Y-%m-%d') as time,SUM(money) as totalMoney FROM `t_shop_money_record` WHERE  (  isOff=0 )  AND `recordDate` BETWEEN 1527696000 AND 1528300799 GROUP BY FROM_UNIXTIME(recordDate,'%Y-%m-%d') [ RunTime:0.020001s ]
---------------------------------------------------------------
[ 2018-06-07T17:49:33+08:00 ] 127.0.0.1 127.0.0.1 GET /admin/FinanceStatistics/dataAjax?type=1&aTime=2016-05-31&bTime=2018-06-06&action=admin
[ info ] yx.com/admin/FinanceStatistics/dataAjax?type=1&aTime=2016-05-31&bTime=2018-06-06&action=admin [运行时间：0.380021s][吞吐率：2.63req/s] [内存消耗：4,599.99kb] [文件加载：48]
[ info ] [ LANG ] D:\wamp64\web\youxue\thinkphp\lang\zh-cn.php
[ info ] [ ROUTE ] array (
  'type' => 'module',
  'module' => 
  array (
    0 => 'admin',
    1 => 'FinanceStatistics',
    2 => 'dataAjax',
  ),
)
[ info ] [ HEADER ] array (
  'host' => 'yx.com',
  'user-agent' => 'Mozilla/5.0 (Windows NT 6.1; Win64; x64; rv:60.0) Gecko/20100101 Firefox/60.0',
  'accept' => 'application/json, text/javascript, */*; q=0.01',
  'accept-language' => 'zh-CN,zh;q=0.8,zh-TW;q=0.7,zh-HK;q=0.5,en-US;q=0.3,en;q=0.2',
  'accept-encoding' => 'gzip, deflate',
  'referer' => 'http://yx.com/admin/FinanceStatistics/adminStatistics.html',
  'x-requested-with' => 'XMLHttpRequest',
  'cookie' => 'PHPSESSID=hd4p2672o2p3tbdnss6oe0hl52',
  'connection' => 'keep-alive',
)
[ info ] [ PARAM ] array (
  'type' => '1',
  'aTime' => '2016-05-31',
  'bTime' => '2018-06-06',
  'action' => 'admin',
)
[ info ] [ SESSION ] INIT array (
  'id' => '',
  'var_session_id' => '',
  'prefix' => 'think',
  'type' => '',
  'auto_start' => true,
)
[ info ] [ DB ] INIT mysql
[ info ] [ RUN ] app\admin\controller\FinanceStatistics->dataAjax[ D:\wamp64\web\youxue\application\admin\controller\FinanceStatistics.php ]
[ info ] [ LOG ] INIT File
[ sql ] [ DB ] CONNECT:[ UseTime:0.034002s ] mysql:dbname=yxtest;host=106.15.180.65;port=3306;charset=utf8
[ sql ] [ SQL ] SHOW COLUMNS FROM `t_admin_access` [ RunTime:0.040003s ]
[ sql ] [ SQL ] SELECT `ids` FROM `t_admin_access` WHERE  `uid` = 1 LIMIT 1 [ RunTime:0.023001s ]
[ sql ] [ SQL ] SHOW COLUMNS FROM `t_menu` [ RunTime:0.023002s ]
[ sql ] [ SQL ] SELECT `id` FROM `t_menu` WHERE  `url` = 'admin/FinanceStatistics/dataAjax' LIMIT 1 [ RunTime:0.023001s ]
[ sql ] [ SQL ] SELECT `id`,`url`,`pid`,`name`,`icon` FROM `t_menu` WHERE  `status` = 1  AND `type` = 1 ORDER BY `sort`  DESC,`id`  ASC [ RunTime:0.032002s ]
[ sql ] [ SQL ] SHOW COLUMNS FROM `t_shop_money_record` [ RunTime:0.037002s ]
[ sql ] [ SQL ] SELECT FROM_UNIXTIME(recordDate,'%Y-%m-%d') as time,SUM(money) as totalMoney FROM `t_shop_money_record` WHERE  `recordDate` BETWEEN 1464624000 AND 1528300799 GROUP BY FROM_UNIXTIME(recordDate,'%Y-%m-%d') [ RunTime:0.022002s ]
[ sql ] [ SQL ] SELECT FROM_UNIXTIME(recordDate,'%Y-%m-%d') as time,SUM(money) as totalMoney FROM `t_shop_money_record` WHERE  (  isOff=1 )  AND `recordDate` BETWEEN 1464624000 AND 1528300799 GROUP BY FROM_UNIXTIME(recordDate,'%Y-%m-%d') [ RunTime:0.040002s ]
[ sql ] [ SQL ] SELECT FROM_UNIXTIME(recordDate,'%Y-%m-%d') as time,SUM(money) as totalMoney FROM `t_shop_money_record` WHERE  (  isOff=0 )  AND `recordDate` BETWEEN 1464624000 AND 1528300799 GROUP BY FROM_UNIXTIME(recordDate,'%Y-%m-%d') [ RunTime:0.021001s ]
---------------------------------------------------------------
[ 2018-06-07T17:49:59+08:00 ] 127.0.0.1 127.0.0.1 GET /admin/FinanceStatistics/dataAjax?type=2&aTime=2018-03&bTime=2018-05&action=admin
[ info ] yx.com/admin/FinanceStatistics/dataAjax?type=2&aTime=2018-03&bTime=2018-05&action=admin [运行时间：0.336019s][吞吐率：2.98req/s] [内存消耗：4,596.23kb] [文件加载：48]
[ info ] [ LANG ] D:\wamp64\web\youxue\thinkphp\lang\zh-cn.php
[ info ] [ ROUTE ] array (
  'type' => 'module',
  'module' => 
  array (
    0 => 'admin',
    1 => 'FinanceStatistics',
    2 => 'dataAjax',
  ),
)
[ info ] [ HEADER ] array (
  'host' => 'yx.com',
  'user-agent' => 'Mozilla/5.0 (Windows NT 6.1; Win64; x64; rv:60.0) Gecko/20100101 Firefox/60.0',
  'accept' => 'application/json, text/javascript, */*; q=0.01',
  'accept-language' => 'zh-CN,zh;q=0.8,zh-TW;q=0.7,zh-HK;q=0.5,en-US;q=0.3,en;q=0.2',
  'accept-encoding' => 'gzip, deflate',
  'referer' => 'http://yx.com/admin/FinanceStatistics/adminStatistics.html',
  'x-requested-with' => 'XMLHttpRequest',
  'cookie' => 'PHPSESSID=hd4p2672o2p3tbdnss6oe0hl52',
  'connection' => 'keep-alive',
)
[ info ] [ PARAM ] array (
  'type' => '2',
  'aTime' => '2018-03',
  'bTime' => '2018-05',
  'action' => 'admin',
)
[ info ] [ SESSION ] INIT array (
  'id' => '',
  'var_session_id' => '',
  'prefix' => 'think',
  'type' => '',
  'auto_start' => true,
)
[ info ] [ DB ] INIT mysql
[ info ] [ RUN ] app\admin\controller\FinanceStatistics->dataAjax[ D:\wamp64\web\youxue\application\admin\controller\FinanceStatistics.php ]
[ info ] [ LOG ] INIT File
[ sql ] [ DB ] CONNECT:[ UseTime:0.046002s ] mysql:dbname=yxtest;host=106.15.180.65;port=3306;charset=utf8
[ sql ] [ SQL ] SHOW COLUMNS FROM `t_admin_access` [ RunTime:0.021002s ]
[ sql ] [ SQL ] SELECT `ids` FROM `t_admin_access` WHERE  `uid` = 1 LIMIT 1 [ RunTime:0.019001s ]
[ sql ] [ SQL ] SHOW COLUMNS FROM `t_menu` [ RunTime:0.039002s ]
[ sql ] [ SQL ] SELECT `id` FROM `t_menu` WHERE  `url` = 'admin/FinanceStatistics/dataAjax' LIMIT 1 [ RunTime:0.029002s ]
[ sql ] [ SQL ] SELECT `id`,`url`,`pid`,`name`,`icon` FROM `t_menu` WHERE  `status` = 1  AND `type` = 1 ORDER BY `sort`  DESC,`id`  ASC [ RunTime:0.028002s ]
[ sql ] [ SQL ] SHOW COLUMNS FROM `t_shop_money_record` [ RunTime:0.020001s ]
[ sql ] [ SQL ] SELECT FROM_UNIXTIME(recordDate,'%Y-%m') as time,SUM(money) as totalMoney FROM `t_shop_money_record` WHERE  `recordDate` BETWEEN 1519833600 AND 1527782399 GROUP BY FROM_UNIXTIME(recordDate,'%Y-%m') [ RunTime:0.028002s ]
[ sql ] [ SQL ] SELECT FROM_UNIXTIME(recordDate,'%Y-%m') as time,SUM(money) as totalMoney FROM `t_shop_money_record` WHERE  (  isOff=1 )  AND `recordDate` BETWEEN 1519833600 AND 1527782399 GROUP BY FROM_UNIXTIME(recordDate,'%Y-%m') [ RunTime:0.020001s ]
[ sql ] [ SQL ] SELECT FROM_UNIXTIME(recordDate,'%Y-%m') as time,SUM(money) as totalMoney FROM `t_shop_money_record` WHERE  (  isOff=0 )  AND `recordDate` BETWEEN 1519833600 AND 1527782399 GROUP BY FROM_UNIXTIME(recordDate,'%Y-%m') [ RunTime:0.020001s ]
---------------------------------------------------------------
[ 2018-06-07T17:50:12+08:00 ] 127.0.0.1 127.0.0.1 GET /admin/FinanceStatistics/dataAjax?type=2&aTime=2017-03&bTime=2017-12&action=admin
[ info ] yx.com/admin/FinanceStatistics/dataAjax?type=2&aTime=2017-03&bTime=2017-12&action=admin [运行时间：0.316018s][吞吐率：3.16req/s] [内存消耗：4,596.43kb] [文件加载：48]
[ info ] [ LANG ] D:\wamp64\web\youxue\thinkphp\lang\zh-cn.php
[ info ] [ ROUTE ] array (
  'type' => 'module',
  'module' => 
  array (
    0 => 'admin',
    1 => 'FinanceStatistics',
    2 => 'dataAjax',
  ),
)
[ info ] [ HEADER ] array (
  'host' => 'yx.com',
  'user-agent' => 'Mozilla/5.0 (Windows NT 6.1; Win64; x64; rv:60.0) Gecko/20100101 Firefox/60.0',
  'accept' => 'application/json, text/javascript, */*; q=0.01',
  'accept-language' => 'zh-CN,zh;q=0.8,zh-TW;q=0.7,zh-HK;q=0.5,en-US;q=0.3,en;q=0.2',
  'accept-encoding' => 'gzip, deflate',
  'referer' => 'http://yx.com/admin/FinanceStatistics/adminStatistics.html',
  'x-requested-with' => 'XMLHttpRequest',
  'cookie' => 'PHPSESSID=hd4p2672o2p3tbdnss6oe0hl52',
  'connection' => 'keep-alive',
)
[ info ] [ PARAM ] array (
  'type' => '2',
  'aTime' => '2017-03',
  'bTime' => '2017-12',
  'action' => 'admin',
)
[ info ] [ SESSION ] INIT array (
  'id' => '',
  'var_session_id' => '',
  'prefix' => 'think',
  'type' => '',
  'auto_start' => true,
)
[ info ] [ DB ] INIT mysql
[ info ] [ RUN ] app\admin\controller\FinanceStatistics->dataAjax[ D:\wamp64\web\youxue\application\admin\controller\FinanceStatistics.php ]
[ info ] [ LOG ] INIT File
[ sql ] [ DB ] CONNECT:[ UseTime:0.036002s ] mysql:dbname=yxtest;host=106.15.180.65;port=3306;charset=utf8
[ sql ] [ SQL ] SHOW COLUMNS FROM `t_admin_access` [ RunTime:0.020002s ]
[ sql ] [ SQL ] SELECT `ids` FROM `t_admin_access` WHERE  `uid` = 1 LIMIT 1 [ RunTime:0.032001s ]
[ sql ] [ SQL ] SHOW COLUMNS FROM `t_menu` [ RunTime:0.019001s ]
[ sql ] [ SQL ] SELECT `id` FROM `t_menu` WHERE  `url` = 'admin/FinanceStatistics/dataAjax' LIMIT 1 [ RunTime:0.019001s ]
[ sql ] [ SQL ] SELECT `id`,`url`,`pid`,`name`,`icon` FROM `t_menu` WHERE  `status` = 1  AND `type` = 1 ORDER BY `sort`  DESC,`id`  ASC [ RunTime:0.021001s ]
[ sql ] [ SQL ] SHOW COLUMNS FROM `t_shop_money_record` [ RunTime:0.035002s ]
[ sql ] [ SQL ] SELECT FROM_UNIXTIME(recordDate,'%Y-%m') as time,SUM(money) as totalMoney FROM `t_shop_money_record` WHERE  `recordDate` BETWEEN 1488297600 AND 1514735999 GROUP BY FROM_UNIXTIME(recordDate,'%Y-%m') [ RunTime:0.018001s ]
[ sql ] [ SQL ] SELECT FROM_UNIXTIME(recordDate,'%Y-%m') as time,SUM(money) as totalMoney FROM `t_shop_money_record` WHERE  (  isOff=1 )  AND `recordDate` BETWEEN 1488297600 AND 1514735999 GROUP BY FROM_UNIXTIME(recordDate,'%Y-%m') [ RunTime:0.019001s ]
[ sql ] [ SQL ] SELECT FROM_UNIXTIME(recordDate,'%Y-%m') as time,SUM(money) as totalMoney FROM `t_shop_money_record` WHERE  (  isOff=0 )  AND `recordDate` BETWEEN 1488297600 AND 1514735999 GROUP BY FROM_UNIXTIME(recordDate,'%Y-%m') [ RunTime:0.018001s ]
---------------------------------------------------------------
[ 2018-06-07T17:51:26+08:00 ] 127.0.0.1 127.0.0.1 GET /admin/FinanceStatistics/dataAjax?type=1&aTime=2017-04-30&bTime=2018-06-06&action=admin
[ info ] yx.com/admin/FinanceStatistics/dataAjax?type=1&aTime=2017-04-30&bTime=2018-06-06&action=admin [运行时间：0.383022s][吞吐率：2.61req/s] [内存消耗：4,599.23kb] [文件加载：48]
[ info ] [ LANG ] D:\wamp64\web\youxue\thinkphp\lang\zh-cn.php
[ info ] [ ROUTE ] array (
  'type' => 'module',
  'module' => 
  array (
    0 => 'admin',
    1 => 'FinanceStatistics',
    2 => 'dataAjax',
  ),
)
[ info ] [ HEADER ] array (
  'host' => 'yx.com',
  'user-agent' => 'Mozilla/5.0 (Windows NT 6.1; Win64; x64; rv:60.0) Gecko/20100101 Firefox/60.0',
  'accept' => 'application/json, text/javascript, */*; q=0.01',
  'accept-language' => 'zh-CN,zh;q=0.8,zh-TW;q=0.7,zh-HK;q=0.5,en-US;q=0.3,en;q=0.2',
  'accept-encoding' => 'gzip, deflate',
  'referer' => 'http://yx.com/admin/FinanceStatistics/adminStatistics.html',
  'x-requested-with' => 'XMLHttpRequest',
  'cookie' => 'PHPSESSID=hd4p2672o2p3tbdnss6oe0hl52',
  'connection' => 'keep-alive',
)
[ info ] [ PARAM ] array (
  'type' => '1',
  'aTime' => '2017-04-30',
  'bTime' => '2018-06-06',
  'action' => 'admin',
)
[ info ] [ SESSION ] INIT array (
  'id' => '',
  'var_session_id' => '',
  'prefix' => 'think',
  'type' => '',
  'auto_start' => true,
)
[ info ] [ DB ] INIT mysql
[ info ] [ RUN ] app\admin\controller\FinanceStatistics->dataAjax[ D:\wamp64\web\youxue\application\admin\controller\FinanceStatistics.php ]
[ info ] [ LOG ] INIT File
[ sql ] [ DB ] CONNECT:[ UseTime:0.069004s ] mysql:dbname=yxtest;host=106.15.180.65;port=3306;charset=utf8
[ sql ] [ SQL ] SHOW COLUMNS FROM `t_admin_access` [ RunTime:0.029002s ]
[ sql ] [ SQL ] SELECT `ids` FROM `t_admin_access` WHERE  `uid` = 1 LIMIT 1 [ RunTime:0.018001s ]
[ sql ] [ SQL ] SHOW COLUMNS FROM `t_menu` [ RunTime:0.022001s ]
[ sql ] [ SQL ] SELECT `id` FROM `t_menu` WHERE  `url` = 'admin/FinanceStatistics/dataAjax' LIMIT 1 [ RunTime:0.020001s ]
[ sql ] [ SQL ] SELECT `id`,`url`,`pid`,`name`,`icon` FROM `t_menu` WHERE  `status` = 1  AND `type` = 1 ORDER BY `sort`  DESC,`id`  ASC [ RunTime:0.031002s ]
[ sql ] [ SQL ] SHOW COLUMNS FROM `t_shop_money_record` [ RunTime:0.025002s ]
[ sql ] [ SQL ] SELECT FROM_UNIXTIME(recordDate,'%Y-%m-%d') as time,SUM(money) as totalMoney FROM `t_shop_money_record` WHERE  `recordDate` BETWEEN 1493481600 AND 1528300799 GROUP BY FROM_UNIXTIME(recordDate,'%Y-%m-%d') [ RunTime:0.020001s ]
[ sql ] [ SQL ] SELECT FROM_UNIXTIME(recordDate,'%Y-%m-%d') as time,SUM(money) as totalMoney FROM `t_shop_money_record` WHERE  (  isOff=1 )  AND `recordDate` BETWEEN 1493481600 AND 1528300799 GROUP BY FROM_UNIXTIME(recordDate,'%Y-%m-%d') [ RunTime:0.032002s ]
[ sql ] [ SQL ] SELECT FROM_UNIXTIME(recordDate,'%Y-%m-%d') as time,SUM(money) as totalMoney FROM `t_shop_money_record` WHERE  (  isOff=0 )  AND `recordDate` BETWEEN 1493481600 AND 1528300799 GROUP BY FROM_UNIXTIME(recordDate,'%Y-%m-%d') [ RunTime:0.021001s ]
---------------------------------------------------------------
[ 2018-06-07T17:51:41+08:00 ] 127.0.0.1 127.0.0.1 GET /admin/FinanceStatistics/dataAjax?type=2&aTime=2017-03&bTime=2017-12&action=admin
[ info ] yx.com/admin/FinanceStatistics/dataAjax?type=2&aTime=2017-03&bTime=2017-12&action=admin [运行时间：0.421024s][吞吐率：2.38req/s] [内存消耗：4,596.43kb] [文件加载：48]
[ info ] [ LANG ] D:\wamp64\web\youxue\thinkphp\lang\zh-cn.php
[ info ] [ ROUTE ] array (
  'type' => 'module',
  'module' => 
  array (
    0 => 'admin',
    1 => 'FinanceStatistics',
    2 => 'dataAjax',
  ),
)
[ info ] [ HEADER ] array (
  'host' => 'yx.com',
  'user-agent' => 'Mozilla/5.0 (Windows NT 6.1; Win64; x64; rv:60.0) Gecko/20100101 Firefox/60.0',
  'accept' => 'application/json, text/javascript, */*; q=0.01',
  'accept-language' => 'zh-CN,zh;q=0.8,zh-TW;q=0.7,zh-HK;q=0.5,en-US;q=0.3,en;q=0.2',
  'accept-encoding' => 'gzip, deflate',
  'referer' => 'http://yx.com/admin/FinanceStatistics/adminStatistics.html',
  'x-requested-with' => 'XMLHttpRequest',
  'cookie' => 'PHPSESSID=hd4p2672o2p3tbdnss6oe0hl52',
  'connection' => 'keep-alive',
)
[ info ] [ PARAM ] array (
  'type' => '2',
  'aTime' => '2017-03',
  'bTime' => '2017-12',
  'action' => 'admin',
)
[ info ] [ SESSION ] INIT array (
  'id' => '',
  'var_session_id' => '',
  'prefix' => 'think',
  'type' => '',
  'auto_start' => true,
)
[ info ] [ DB ] INIT mysql
[ info ] [ RUN ] app\admin\controller\FinanceStatistics->dataAjax[ D:\wamp64\web\youxue\application\admin\controller\FinanceStatistics.php ]
[ info ] [ LOG ] INIT File
[ sql ] [ DB ] CONNECT:[ UseTime:0.039003s ] mysql:dbname=yxtest;host=106.15.180.65;port=3306;charset=utf8
[ sql ] [ SQL ] SHOW COLUMNS FROM `t_admin_access` [ RunTime:0.033002s ]
[ sql ] [ SQL ] SELECT `ids` FROM `t_admin_access` WHERE  `uid` = 1 LIMIT 1 [ RunTime:0.040002s ]
[ sql ] [ SQL ] SHOW COLUMNS FROM `t_menu` [ RunTime:0.033002s ]
[ sql ] [ SQL ] SELECT `id` FROM `t_menu` WHERE  `url` = 'admin/FinanceStatistics/dataAjax' LIMIT 1 [ RunTime:0.030002s ]
[ sql ] [ SQL ] SELECT `id`,`url`,`pid`,`name`,`icon` FROM `t_menu` WHERE  `status` = 1  AND `type` = 1 ORDER BY `sort`  DESC,`id`  ASC [ RunTime:0.040002s ]
[ sql ] [ SQL ] SHOW COLUMNS FROM `t_shop_money_record` [ RunTime:0.038003s ]
[ sql ] [ SQL ] SELECT FROM_UNIXTIME(recordDate,'%Y-%m') as time,SUM(money) as totalMoney FROM `t_shop_money_record` WHERE  `recordDate` BETWEEN 1488297600 AND 1514735999 GROUP BY FROM_UNIXTIME(recordDate,'%Y-%m') [ RunTime:0.033001s ]
[ sql ] [ SQL ] SELECT FROM_UNIXTIME(recordDate,'%Y-%m') as time,SUM(money) as totalMoney FROM `t_shop_money_record` WHERE  (  isOff=1 )  AND `recordDate` BETWEEN 1488297600 AND 1514735999 GROUP BY FROM_UNIXTIME(recordDate,'%Y-%m') [ RunTime:0.030001s ]
[ sql ] [ SQL ] SELECT FROM_UNIXTIME(recordDate,'%Y-%m') as time,SUM(money) as totalMoney FROM `t_shop_money_record` WHERE  (  isOff=0 )  AND `recordDate` BETWEEN 1488297600 AND 1514735999 GROUP BY FROM_UNIXTIME(recordDate,'%Y-%m') [ RunTime:0.033002s ]
---------------------------------------------------------------
[ 2018-06-07T17:52:40+08:00 ] 127.0.0.1 127.0.0.1 GET /
[ info ] yx.com/ [运行时间：0.017001s][吞吐率：58.82req/s] [内存消耗：2,285.58kb] [文件加载：36]
[ info ] [ LANG ] D:\wamp64\web\youxue\thinkphp\lang\zh-cn.php
[ info ] [ ROUTE ] array (
  'type' => 'module',
  'module' => 
  array (
    0 => '',
    1 => NULL,
    2 => NULL,
  ),
)
[ info ] [ HEADER ] array (
  'host' => 'yx.com',
  'user-agent' => 'Mozilla/5.0 (Windows NT 6.1; Win64; x64; rv:60.0) Gecko/20100101 Firefox/60.0',
  'accept' => 'text/html,application/xhtml+xml,application/xml;q=0.9,*/*;q=0.8',
  'accept-language' => 'zh-CN,zh;q=0.8,zh-TW;q=0.7,zh-HK;q=0.5,en-US;q=0.3,en;q=0.2',
  'accept-encoding' => 'gzip, deflate',
  'connection' => 'keep-alive',
  'upgrade-insecure-requests' => '1',
  'pragma' => 'no-cache',
  'cache-control' => 'no-cache',
)
[ info ] [ PARAM ] array (
)
[ info ] [ SESSION ] INIT array (
  'id' => '',
  'var_session_id' => '',
  'prefix' => 'think',
  'type' => '',
  'auto_start' => true,
)
[ info ] [ LOG ] INIT File
---------------------------------------------------------------
[ 2018-06-07T17:52:40+08:00 ] 127.0.0.1 127.0.0.1 GET /admin/Login/index
[ info ] yx.com/admin/Login/index [运行时间：0.018001s][吞吐率：55.55req/s] [内存消耗：2,444.52kb] [文件加载：38]
[ info ] [ LANG ] D:\wamp64\web\youxue\thinkphp\lang\zh-cn.php
[ info ] [ ROUTE ] array (
  'type' => 'module',
  'module' => 
  array (
    0 => 'admin',
    1 => 'Login',
    2 => 'index',
  ),
)
[ info ] [ HEADER ] array (
  'host' => 'yx.com',
  'user-agent' => 'Mozilla/5.0 (Windows NT 6.1; Win64; x64; rv:60.0) Gecko/20100101 Firefox/60.0',
  'accept' => 'text/html,application/xhtml+xml,application/xml;q=0.9,*/*;q=0.8',
  'accept-language' => 'zh-CN,zh;q=0.8,zh-TW;q=0.7,zh-HK;q=0.5,en-US;q=0.3,en;q=0.2',
  'accept-encoding' => 'gzip, deflate',
  'referer' => 'http://yx.com/',
  'connection' => 'keep-alive',
  'upgrade-insecure-requests' => '1',
  'pragma' => 'no-cache',
  'cache-control' => 'no-cache',
)
[ info ] [ PARAM ] array (
)
[ info ] [ RUN ] app\admin\controller\Login->index[ D:\wamp64\web\youxue\application\admin\controller\Login.php ]
[ info ] [ VIEW ] D:\wamp64\web\youxue\public/../application/admin\view\login\index.html [ array (
) ]
[ info ] [ LOG ] INIT File
---------------------------------------------------------------
[ 2018-06-07T17:52:50+08:00 ] 127.0.0.1 127.0.0.1 GET /admin/Finance/adminMoney.html
[ info ] yx.com/admin/Finance/adminMoney.html [运行时间：0.662038s][吞吐率：1.51req/s] [内存消耗：5,082.59kb] [文件加载：52]
[ info ] [ LANG ] D:\wamp64\web\youxue\thinkphp\lang\zh-cn.php
[ info ] [ ROUTE ] array (
  'type' => 'module',
  'module' => 
  array (
    0 => 'admin',
    1 => 'Finance',
    2 => 'adminMoney',
  ),
)
[ info ] [ HEADER ] array (
  'host' => 'yx.com',
  'user-agent' => 'Mozilla/5.0 (Windows NT 6.1; Win64; x64; rv:60.0) Gecko/20100101 Firefox/60.0',
  'accept' => 'text/html,application/xhtml+xml,application/xml;q=0.9,*/*;q=0.8',
  'accept-language' => 'zh-CN,zh;q=0.8,zh-TW;q=0.7,zh-HK;q=0.5,en-US;q=0.3,en;q=0.2',
  'accept-encoding' => 'gzip, deflate',
  'referer' => 'http://yx.com/admin/index/index.html',
  'cookie' => 'PHPSESSID=hd4p2672o2p3tbdnss6oe0hl52',
  'connection' => 'keep-alive',
  'upgrade-insecure-requests' => '1',
)
[ info ] [ PARAM ] array (
)
[ info ] [ SESSION ] INIT array (
  'id' => '',
  'var_session_id' => '',
  'prefix' => 'think',
  'type' => '',
  'auto_start' => true,
)
[ info ] [ DB ] INIT mysql
[ info ] [ RUN ] app\admin\controller\Finance->adminMoney[ D:\wamp64\web\youxue\application\admin\controller\Finance.php ]
[ info ] [ VIEW ] D:\wamp64\web\youxue\public/../application/admin\view\finance\adminMoney.html [ array (
  0 => 'menus',
  1 => 'date',
  2 => 'totalData',
  3 => 'shops',
  4 => 'lists',
  5 => 'page',
) ]
[ info ] [ LOG ] INIT File
[ sql ] [ DB ] CONNECT:[ UseTime:0.030002s ] mysql:dbname=yxtest;host=106.15.180.65;port=3306;charset=utf8
[ sql ] [ SQL ] SHOW COLUMNS FROM `t_admin_access` [ RunTime:0.021001s ]
[ sql ] [ SQL ] SELECT `ids` FROM `t_admin_access` WHERE  `uid` = 1 LIMIT 1 [ RunTime:0.021001s ]
[ sql ] [ SQL ] SHOW COLUMNS FROM `t_menu` [ RunTime:0.041002s ]
[ sql ] [ SQL ] SELECT `id` FROM `t_menu` WHERE  `url` = 'admin/Finance/adminMoney' LIMIT 1 [ RunTime:0.029002s ]
[ sql ] [ SQL ] SELECT `id`,`url`,`pid`,`name`,`icon` FROM `t_menu` WHERE  `status` = 1  AND `type` = 1 ORDER BY `sort`  DESC,`id`  ASC [ RunTime:0.030001s ]
[ sql ] [ SQL ] SHOW COLUMNS FROM `t_shop_money_record` [ RunTime:0.025002s ]
[ sql ] [ SQL ] SELECT SUM(money) AS tp_sum FROM `t_shop_money_record` WHERE  `recordDate` BETWEEN 1527696000 AND 1528300799 LIMIT 1 [ RunTime:0.048003s ]
[ sql ] [ SQL ] SELECT SUM(money) AS tp_sum FROM `t_shop_money_record` WHERE  (  isOff=1 )  AND `recordDate` BETWEEN 1527696000 AND 1528300799 LIMIT 1 [ RunTime:0.027001s ]
[ sql ] [ SQL ] SELECT SUM(money) AS tp_sum FROM `t_shop_money_record` WHERE  (  isOff=0 )  AND `recordDate` BETWEEN 1527696000 AND 1528300799 LIMIT 1 [ RunTime:0.026001s ]
[ sql ] [ SQL ] SHOW COLUMNS FROM `t_shop` [ RunTime:0.029002s ]
[ sql ] [ SQL ] SELECT `id`,`name` FROM `t_shop` WHERE  (  status!=3 ) [ RunTime:0.021001s ]
[ sql ] [ SQL ] SELECT COUNT(*) AS tp_count FROM `t_shop` WHERE  (  status!=3 ) LIMIT 1 [ RunTime:0.032001s ]
[ sql ] [ SQL ] SELECT `id`,`name`,money as yuEMoney FROM `t_shop` WHERE  (  status!=3 ) LIMIT 0,10 [ RunTime:0.040002s ]
[ sql ] [ SQL ] SELECT `shopId`,SUM(money) as allMoney FROM `t_shop_money_record` WHERE  `recordDate` BETWEEN 1527696000 AND 1528300799 GROUP BY shopId [ RunTime:0.022001s ]
[ sql ] [ SQL ] SELECT `shopId`,SUM(money) as yesMoney FROM `t_shop_money_record` WHERE  `recordDate` BETWEEN 1527696000 AND 1528300799  AND (  isOff=1 ) GROUP BY shopId [ RunTime:0.034002s ]
[ sql ] [ SQL ] SELECT `shopId`,SUM(money) as noMoney FROM `t_shop_money_record` WHERE  `recordDate` BETWEEN 1527696000 AND 1528300799  AND (  isOff=0 ) GROUP BY shopId [ RunTime:0.036002s ]
---------------------------------------------------------------
[ 2018-06-07T17:53:18+08:00 ] 127.0.0.1 127.0.0.1 GET /admin/Finance/index.html
[ info ] yx.com/admin/Finance/index.html [运行时间：0.488028s][吞吐率：2.05req/s] [内存消耗：5,301.27kb] [文件加载：54]
[ info ] [ LANG ] D:\wamp64\web\youxue\thinkphp\lang\zh-cn.php
[ info ] [ ROUTE ] array (
  'type' => 'module',
  'module' => 
  array (
    0 => 'admin',
    1 => 'Finance',
    2 => 'index',
  ),
)
[ info ] [ HEADER ] array (
  'host' => 'yx.com',
  'user-agent' => 'Mozilla/5.0 (Windows NT 6.1; Win64; x64; rv:60.0) Gecko/20100101 Firefox/60.0',
  'accept' => 'text/html,application/xhtml+xml,application/xml;q=0.9,*/*;q=0.8',
  'accept-language' => 'zh-CN,zh;q=0.8,zh-TW;q=0.7,zh-HK;q=0.5,en-US;q=0.3,en;q=0.2',
  'accept-encoding' => 'gzip, deflate',
  'referer' => 'http://yx.com/admin/index/index.html',
  'cookie' => 'PHPSESSID=hd4p2672o2p3tbdnss6oe0hl52',
  'connection' => 'keep-alive',
  'upgrade-insecure-requests' => '1',
)
[ info ] [ PARAM ] array (
)
[ info ] [ SESSION ] INIT array (
  'id' => '',
  'var_session_id' => '',
  'prefix' => 'think',
  'type' => '',
  'auto_start' => true,
)
[ info ] [ DB ] INIT mysql
[ info ] [ RUN ] app\admin\controller\Finance->index[ D:\wamp64\web\youxue\application\admin\controller\Finance.php ]
[ info ] [ VIEW ] D:\wamp64\web\youxue\public/../application/admin\view\finance\index.html [ array (
  0 => 'menus',
  1 => 'lists',
  2 => 'page',
) ]
[ info ] [ LOG ] INIT File
[ sql ] [ DB ] CONNECT:[ UseTime:0.042002s ] mysql:dbname=yxtest;host=106.15.180.65;port=3306;charset=utf8
[ sql ] [ SQL ] SHOW COLUMNS FROM `t_admin_access` [ RunTime:0.054003s ]
[ sql ] [ SQL ] SELECT `ids` FROM `t_admin_access` WHERE  `uid` = 1 LIMIT 1 [ RunTime:0.028002s ]
[ sql ] [ SQL ] SHOW COLUMNS FROM `t_menu` [ RunTime:0.031002s ]
[ sql ] [ SQL ] SELECT `id` FROM `t_menu` WHERE  `url` = 'admin/Finance/index' LIMIT 1 [ RunTime:0.019001s ]
[ sql ] [ SQL ] SELECT `id`,`url`,`pid`,`name`,`icon` FROM `t_menu` WHERE  `status` = 1  AND `type` = 1 ORDER BY `sort`  DESC,`id`  ASC [ RunTime:0.036002s ]
[ sql ] [ SQL ] SHOW COLUMNS FROM `t_shop` [ RunTime:0.032002s ]
[ sql ] [ SQL ] SELECT COUNT(*) AS tp_count FROM `t_shop` WHERE  (  status!=3 ) LIMIT 1 [ RunTime:0.018001s ]
[ sql ] [ SQL ] SELECT `id`,`name`,money as yuEMoney FROM `t_shop` WHERE  (  status!=3 ) LIMIT 0,10 [ RunTime:0.030002s ]
[ sql ] [ SQL ] SHOW COLUMNS FROM `t_record_shop` [ RunTime:0.020001s ]
[ sql ] [ SQL ] SELECT `shopId`,SUM(money) as tiXianMoney FROM `t_record_shop` WHERE  (  type=2 ) GROUP BY shopId [ RunTime:0.032002s ]
---------------------------------------------------------------
[ 2018-06-07T17:53:22+08:00 ] 127.0.0.1 127.0.0.1 GET /admin/Finance/adviser.html
[ info ] yx.com/admin/Finance/adviser.html [运行时间：0.676039s][吞吐率：1.48req/s] [内存消耗：5,244.79kb] [文件加载：53]
[ info ] [ LANG ] D:\wamp64\web\youxue\thinkphp\lang\zh-cn.php
[ info ] [ ROUTE ] array (
  'type' => 'module',
  'module' => 
  array (
    0 => 'admin',
    1 => 'Finance',
    2 => 'adviser',
  ),
)
[ info ] [ HEADER ] array (
  'host' => 'yx.com',
  'user-agent' => 'Mozilla/5.0 (Windows NT 6.1; Win64; x64; rv:60.0) Gecko/20100101 Firefox/60.0',
  'accept' => 'text/html,application/xhtml+xml,application/xml;q=0.9,*/*;q=0.8',
  'accept-language' => 'zh-CN,zh;q=0.8,zh-TW;q=0.7,zh-HK;q=0.5,en-US;q=0.3,en;q=0.2',
  'accept-encoding' => 'gzip, deflate',
  'referer' => 'http://yx.com/admin/index/index.html',
  'cookie' => 'PHPSESSID=hd4p2672o2p3tbdnss6oe0hl52',
  'connection' => 'keep-alive',
  'upgrade-insecure-requests' => '1',
)
[ info ] [ PARAM ] array (
)
[ info ] [ SESSION ] INIT array (
  'id' => '',
  'var_session_id' => '',
  'prefix' => 'think',
  'type' => '',
  'auto_start' => true,
)
[ info ] [ DB ] INIT mysql
[ info ] [ RUN ] app\admin\controller\Finance->adviser[ D:\wamp64\web\youxue\application\admin\controller\Finance.php ]
[ info ] [ VIEW ] D:\wamp64\web\youxue\public/../application/admin\view\finance\adviser.html [ array (
  0 => 'menus',
  1 => 'data',
  2 => 'shops',
  3 => 'schools',
  4 => 'lists',
  5 => 'page',
) ]
[ info ] [ LOG ] INIT File
[ sql ] [ DB ] CONNECT:[ UseTime:0.034002s ] mysql:dbname=yxtest;host=106.15.180.65;port=3306;charset=utf8
[ sql ] [ SQL ] SHOW COLUMNS FROM `t_admin_access` [ RunTime:0.040002s ]
[ sql ] [ SQL ] SELECT `ids` FROM `t_admin_access` WHERE  `uid` = 1 LIMIT 1 [ RunTime:0.031002s ]
[ sql ] [ SQL ] SHOW COLUMNS FROM `t_menu` [ RunTime:0.030002s ]
[ sql ] [ SQL ] SELECT `id` FROM `t_menu` WHERE  `url` = 'admin/Finance/adviser' LIMIT 1 [ RunTime:0.028002s ]
[ sql ] [ SQL ] SELECT `id`,`url`,`pid`,`name`,`icon` FROM `t_menu` WHERE  `status` = 1  AND `type` = 1 ORDER BY `sort`  DESC,`id`  ASC [ RunTime:0.030001s ]
[ sql ] [ SQL ] SHOW COLUMNS FROM `t_shop` [ RunTime:0.059003s ]
[ sql ] [ SQL ] SELECT `id`,`name` FROM `t_shop` WHERE  (  status!=3 ) [ RunTime:0.040002s ]
[ sql ] [ SQL ] SHOW COLUMNS FROM `t_school` [ RunTime:0.030002s ]
[ sql ] [ SQL ] SELECT `id`,`name` FROM `t_school` WHERE  (  status!=3 ) [ RunTime:0.029002s ]
[ sql ] [ SQL ] SHOW COLUMNS FROM `t_adviser_name` [ RunTime:0.025002s ]
[ sql ] [ SQL ] SELECT COUNT(*) AS tp_count FROM ( SELECT count(*) FROM `t_adviser_name` `a` LEFT JOIN `t_shop` `s` ON `a`.`shopId`=`s`.`id` LEFT JOIN `t_school` `sc` ON `a`.`schoolId`=`sc`.`id` WHERE  `a`.`isDelete` = '0' GROUP BY a.id ) `_group_count_` LIMIT 1 [ RunTime:0.049003s ]
[ sql ] [ SQL ] SELECT `a`.`id`,`a`.`name`,`a`.`phone`,s.name as shopName,`a`.`updateTime`,`a`.`userId`,sc.name as schoolName FROM `t_adviser_name` `a` LEFT JOIN `t_shop` `s` ON `a`.`shopId`=`s`.`id` LEFT JOIN `t_school` `sc` ON `a`.`schoolId`=`sc`.`id` WHERE  `a`.`isDelete` = '0' GROUP BY a.id ORDER BY a.id desc LIMIT 0,10 [ RunTime:0.028001s ]
[ sql ] [ SQL ] SHOW COLUMNS FROM `t_record_money` [ RunTime:0.039002s ]
[ sql ] [ SQL ] SELECT `userId`,SUM(money) as allMoney FROM `t_record_money` WHERE  (  type=9 ) GROUP BY userId [ RunTime:0.028002s ]
---------------------------------------------------------------
[ 2018-06-07T17:53:26+08:00 ] 127.0.0.1 127.0.0.1 GET /admin/ArrivalManagement/index.html
[ info ] yx.com/admin/ArrivalManagement/index.html [运行时间：0.597034s][吞吐率：1.67req/s] [内存消耗：5,202.84kb] [文件加载：54]
[ info ] [ LANG ] D:\wamp64\web\youxue\thinkphp\lang\zh-cn.php
[ info ] [ ROUTE ] array (
  'type' => 'module',
  'module' => 
  array (
    0 => 'admin',
    1 => 'ArrivalManagement',
    2 => 'index',
  ),
)
[ info ] [ HEADER ] array (
  'host' => 'yx.com',
  'user-agent' => 'Mozilla/5.0 (Windows NT 6.1; Win64; x64; rv:60.0) Gecko/20100101 Firefox/60.0',
  'accept' => 'text/html,application/xhtml+xml,application/xml;q=0.9,*/*;q=0.8',
  'accept-language' => 'zh-CN,zh;q=0.8,zh-TW;q=0.7,zh-HK;q=0.5,en-US;q=0.3,en;q=0.2',
  'accept-encoding' => 'gzip, deflate',
  'referer' => 'http://yx.com/admin/index/index.html',
  'cookie' => 'PHPSESSID=hd4p2672o2p3tbdnss6oe0hl52',
  'connection' => 'keep-alive',
  'upgrade-insecure-requests' => '1',
)
[ info ] [ PARAM ] array (
)
[ info ] [ SESSION ] INIT array (
  'id' => '',
  'var_session_id' => '',
  'prefix' => 'think',
  'type' => '',
  'auto_start' => true,
)
[ info ] [ DB ] INIT mysql
[ info ] [ RUN ] app\admin\controller\ArrivalManagement->index[ D:\wamp64\web\youxue\application\admin\controller\ArrivalManagement.php ]
[ info ] [ VIEW ] D:\wamp64\web\youxue\public/../application/admin\view\arrival_management\index.html [ array (
  0 => 'menus',
  1 => 'data',
  2 => 'publicData',
  3 => 'privateData',
  4 => 'publicPage',
  5 => 'privatePage',
) ]
[ info ] [ LOG ] INIT File
[ sql ] [ DB ] CONNECT:[ UseTime:0.042002s ] mysql:dbname=yxtest;host=106.15.180.65;port=3306;charset=utf8
[ sql ] [ SQL ] SHOW COLUMNS FROM `t_admin_access` [ RunTime:0.034002s ]
[ sql ] [ SQL ] SELECT `ids` FROM `t_admin_access` WHERE  `uid` = 1 LIMIT 1 [ RunTime:0.029002s ]
[ sql ] [ SQL ] SHOW COLUMNS FROM `t_menu` [ RunTime:0.043002s ]
[ sql ] [ SQL ] SELECT `id` FROM `t_menu` WHERE  `url` = 'admin/ArrivalManagement/index' LIMIT 1 [ RunTime:0.039003s ]
[ sql ] [ SQL ] SELECT `id`,`url`,`pid`,`name`,`icon` FROM `t_menu` WHERE  `status` = 1  AND `type` = 1 ORDER BY `sort`  DESC,`id`  ASC [ RunTime:0.042003s ]
[ sql ] [ SQL ] SHOW COLUMNS FROM `t_shop_money_record` [ RunTime:0.053003s ]
[ sql ] [ SQL ] SELECT COUNT(*) AS tp_count FROM ( SELECT count(*) FROM `t_shop_money_record` `mr` LEFT JOIN `t_shop` `s` ON `s`.`id`=`mr`.`shopId` WHERE  (  s.status !=3 )  AND `s`.`bankType` = 1  AND (  FROM_UNIXTIME(mr.recordDate+(86400*s.time), '%Y-%m-%d') = '2018-06-07' and mr.status!=2 ) GROUP BY mr.shopId,FROM_UNIXTIME(mr.recordDate, '%Y-%m-%d') ) `_group_count_` LIMIT 1 [ RunTime:0.038002s ]
[ sql ] [ SQL ] SELECT `s`.`id`,`s`.`name`,`s`.`time`,`s`.`bankName`,FROM_UNIXTIME(mr.recordDate,'%Y-%m-%d') as inDate,FROM_UNIXTIME(mr.recordDate+(86400*s.time),'%Y-%m-%d') as outDate,SUM(mr.money) as money,`mr`.`isOff`,`mr`.`status`,`mr`.`shopId` FROM `t_shop_money_record` `mr` LEFT JOIN `t_shop` `s` ON `s`.`id`=`mr`.`shopId` WHERE  (  s.status !=3 )  AND `s`.`bankType` = 1  AND (  FROM_UNIXTIME(mr.recordDate+(86400*s.time), '%Y-%m-%d') = '2018-06-07' and mr.status!=2 ) GROUP BY mr.shopId,FROM_UNIXTIME(mr.recordDate, '%Y-%m-%d') LIMIT 0,10 [ RunTime:0.039002s ]
[ sql ] [ SQL ] SELECT COUNT(*) AS tp_count FROM ( SELECT count(*) FROM `t_shop_money_record` `mr` LEFT JOIN `t_shop` `s` ON `s`.`id`=`mr`.`shopId` WHERE  (  s.status !=3 )  AND `s`.`bankType` = 2  AND (  FROM_UNIXTIME(mr.recordDate+(86400*s.time), '%Y-%m-%d') = '2018-06-07' and mr.status!=2 ) GROUP BY mr.shopId,FROM_UNIXTIME(mr.recordDate, '%Y-%m-%d') ) `_group_count_` LIMIT 1 [ RunTime:0.034002s ]
[ sql ] [ SQL ] SELECT `s`.`id`,`s`.`name`,`s`.`time`,`s`.`bankName`,FROM_UNIXTIME(mr.recordDate,'%Y-%m-%d') as inDate,FROM_UNIXTIME(mr.recordDate+(86400*s.time),'%Y-%m-%d') as outDate,SUM(mr.money) as money,`mr`.`isOff`,`mr`.`status`,`mr`.`shopId` FROM `t_shop_money_record` `mr` LEFT JOIN `t_shop` `s` ON `s`.`id`=`mr`.`shopId` WHERE  (  s.status !=3 )  AND `s`.`bankType` = 2  AND (  FROM_UNIXTIME(mr.recordDate+(86400*s.time), '%Y-%m-%d') = '2018-06-07' and mr.status!=2 ) GROUP BY mr.shopId,FROM_UNIXTIME(mr.recordDate, '%Y-%m-%d') LIMIT 0,10 [ RunTime:0.039003s ]
---------------------------------------------------------------
[ 2018-06-07T17:55:26+08:00 ] 127.0.0.1 127.0.0.1 GET /admin/Finance/adminMoney.html
[ info ] yx.com/admin/Finance/adminMoney.html [运行时间：0.571032s][吞吐率：1.75req/s] [内存消耗：5,082.59kb] [文件加载：52]
[ info ] [ LANG ] D:\wamp64\web\youxue\thinkphp\lang\zh-cn.php
[ info ] [ ROUTE ] array (
  'type' => 'module',
  'module' => 
  array (
    0 => 'admin',
    1 => 'Finance',
    2 => 'adminMoney',
  ),
)
[ info ] [ HEADER ] array (
  'host' => 'yx.com',
  'user-agent' => 'Mozilla/5.0 (Windows NT 6.1; Win64; x64; rv:60.0) Gecko/20100101 Firefox/60.0',
  'accept' => 'text/html,application/xhtml+xml,application/xml;q=0.9,*/*;q=0.8',
  'accept-language' => 'zh-CN,zh;q=0.8,zh-TW;q=0.7,zh-HK;q=0.5,en-US;q=0.3,en;q=0.2',
  'accept-encoding' => 'gzip, deflate',
  'referer' => 'http://yx.com/admin/index/index.html',
  'cookie' => 'PHPSESSID=hd4p2672o2p3tbdnss6oe0hl52',
  'connection' => 'keep-alive',
  'upgrade-insecure-requests' => '1',
)
[ info ] [ PARAM ] array (
)
[ info ] [ SESSION ] INIT array (
  'id' => '',
  'var_session_id' => '',
  'prefix' => 'think',
  'type' => '',
  'auto_start' => true,
)
[ info ] [ DB ] INIT mysql
[ info ] [ RUN ] app\admin\controller\Finance->adminMoney[ D:\wamp64\web\youxue\application\admin\controller\Finance.php ]
[ info ] [ VIEW ] D:\wamp64\web\youxue\public/../application/admin\view\finance\adminMoney.html [ array (
  0 => 'menus',
  1 => 'date',
  2 => 'totalData',
  3 => 'shops',
  4 => 'lists',
  5 => 'page',
) ]
[ info ] [ LOG ] INIT File
[ sql ] [ DB ] CONNECT:[ UseTime:0.032002s ] mysql:dbname=yxtest;host=106.15.180.65;port=3306;charset=utf8
[ sql ] [ SQL ] SHOW COLUMNS FROM `t_admin_access` [ RunTime:0.039002s ]
[ sql ] [ SQL ] SELECT `ids` FROM `t_admin_access` WHERE  `uid` = 1 LIMIT 1 [ RunTime:0.022001s ]
[ sql ] [ SQL ] SHOW COLUMNS FROM `t_menu` [ RunTime:0.023002s ]
[ sql ] [ SQL ] SELECT `id` FROM `t_menu` WHERE  `url` = 'admin/Finance/adminMoney' LIMIT 1 [ RunTime:0.035002s ]
[ sql ] [ SQL ] SELECT `id`,`url`,`pid`,`name`,`icon` FROM `t_menu` WHERE  `status` = 1  AND `type` = 1 ORDER BY `sort`  DESC,`id`  ASC [ RunTime:0.030001s ]
[ sql ] [ SQL ] SHOW COLUMNS FROM `t_shop_money_record` [ RunTime:0.022001s ]
[ sql ] [ SQL ] SELECT SUM(money) AS tp_sum FROM `t_shop_money_record` WHERE  `recordDate` BETWEEN 1527696000 AND 1528300799 LIMIT 1 [ RunTime:0.027002s ]
[ sql ] [ SQL ] SELECT SUM(money) AS tp_sum FROM `t_shop_money_record` WHERE  (  isOff=1 )  AND `recordDate` BETWEEN 1527696000 AND 1528300799 LIMIT 1 [ RunTime:0.028002s ]
[ sql ] [ SQL ] SELECT SUM(money) AS tp_sum FROM `t_shop_money_record` WHERE  (  isOff=0 )  AND `recordDate` BETWEEN 1527696000 AND 1528300799 LIMIT 1 [ RunTime:0.022001s ]
[ sql ] [ SQL ] SHOW COLUMNS FROM `t_shop` [ RunTime:0.023001s ]
[ sql ] [ SQL ] SELECT `id`,`name` FROM `t_shop` WHERE  (  status!=3 ) [ RunTime:0.021001s ]
[ sql ] [ SQL ] SELECT COUNT(*) AS tp_count FROM `t_shop` WHERE  (  status!=3 ) LIMIT 1 [ RunTime:0.029002s ]
[ sql ] [ SQL ] SELECT `id`,`name`,money as yuEMoney FROM `t_shop` WHERE  (  status!=3 ) LIMIT 0,10 [ RunTime:0.023001s ]
[ sql ] [ SQL ] SELECT `shopId`,SUM(money) as allMoney FROM `t_shop_money_record` WHERE  `recordDate` BETWEEN 1527696000 AND 1528300799 GROUP BY shopId [ RunTime:0.036002s ]
[ sql ] [ SQL ] SELECT `shopId`,SUM(money) as yesMoney FROM `t_shop_money_record` WHERE  `recordDate` BETWEEN 1527696000 AND 1528300799  AND (  isOff=1 ) GROUP BY shopId [ RunTime:0.021001s ]
[ sql ] [ SQL ] SELECT `shopId`,SUM(money) as noMoney FROM `t_shop_money_record` WHERE  `recordDate` BETWEEN 1527696000 AND 1528300799  AND (  isOff=0 ) GROUP BY shopId [ RunTime:0.022001s ]
---------------------------------------------------------------
[ 2018-06-07T17:55:32+08:00 ] 127.0.0.1 127.0.0.1 GET /admin/Finance/adminMoneyBill/id/1/sTime/2018-05-31/eTime/2018-06-06.html
[ info ] yx.com/admin/Finance/adminMoneyBill/id/1/sTime/2018-05-31/eTime/2018-06-06.html [运行时间：1.071061s][吞吐率：0.93req/s] [内存消耗：5,302.72kb] [文件加载：54]
[ info ] [ LANG ] D:\wamp64\web\youxue\thinkphp\lang\zh-cn.php
[ info ] [ ROUTE ] array (
  'type' => 'module',
  'module' => 
  array (
    0 => 'admin',
    1 => 'Finance',
    2 => 'adminMoneyBill',
  ),
)
[ info ] [ HEADER ] array (
  'host' => 'yx.com',
  'user-agent' => 'Mozilla/5.0 (Windows NT 6.1; Win64; x64; rv:60.0) Gecko/20100101 Firefox/60.0',
  'accept' => 'text/html,application/xhtml+xml,application/xml;q=0.9,*/*;q=0.8',
  'accept-language' => 'zh-CN,zh;q=0.8,zh-TW;q=0.7,zh-HK;q=0.5,en-US;q=0.3,en;q=0.2',
  'accept-encoding' => 'gzip, deflate',
  'referer' => 'http://yx.com/admin/Finance/adminMoney.html',
  'cookie' => 'PHPSESSID=hd4p2672o2p3tbdnss6oe0hl52',
  'connection' => 'keep-alive',
  'upgrade-insecure-requests' => '1',
)
[ info ] [ PARAM ] array (
  'id' => '1',
  'sTime' => '2018-05-31',
  'eTime' => '2018-06-06',
)
[ info ] [ SESSION ] INIT array (
  'id' => '',
  'var_session_id' => '',
  'prefix' => 'think',
  'type' => '',
  'auto_start' => true,
)
[ info ] [ DB ] INIT mysql
[ info ] [ RUN ] app\admin\controller\Finance->adminMoneyBill[ D:\wamp64\web\youxue\application\admin\controller\Finance.php ]
[ info ] [ VIEW ] D:\wamp64\web\youxue\public/../application/admin\view\finance\adminMoneyBill.html [ array (
  0 => 'menus',
  1 => 'datas',
  2 => 'schoolId',
  3 => 'schools',
  4 => 'lists',
  5 => 'page',
) ]
[ info ] [ LOG ] INIT File
[ sql ] [ DB ] CONNECT:[ UseTime:0.037002s ] mysql:dbname=yxtest;host=106.15.180.65;port=3306;charset=utf8
[ sql ] [ SQL ] SHOW COLUMNS FROM `t_admin_access` [ RunTime:0.028001s ]
[ sql ] [ SQL ] SELECT `ids` FROM `t_admin_access` WHERE  `uid` = 1 LIMIT 1 [ RunTime:0.021002s ]
[ sql ] [ SQL ] SHOW COLUMNS FROM `t_menu` [ RunTime:0.062003s ]
[ sql ] [ SQL ] SELECT `id` FROM `t_menu` WHERE  `url` = 'admin/Finance/adminMoneyBill' LIMIT 1 [ RunTime:0.382022s ]
[ sql ] [ SQL ] SELECT `id`,`url`,`pid`,`name`,`icon` FROM `t_menu` WHERE  `status` = 1  AND `type` = 1 ORDER BY `sort`  DESC,`id`  ASC [ RunTime:0.056003s ]
[ sql ] [ SQL ] SHOW COLUMNS FROM `t_school` [ RunTime:0.049003s ]
[ sql ] [ SQL ] SELECT `id`,`name` FROM `t_school` WHERE  `shopId` = 1  AND (  status!=3 ) [ RunTime:0.046003s ]
[ sql ] [ SQL ] SELECT COUNT(*) AS tp_count FROM `t_school` WHERE  (  status!=3 )  AND `shopId` = 1 LIMIT 1 [ RunTime:0.066004s ]
[ sql ] [ SQL ] SELECT `id`,`name` FROM `t_school` WHERE  (  status!=3 )  AND `shopId` = 1 LIMIT 0,10 [ RunTime:0.078005s ]
[ sql ] [ SQL ] SHOW COLUMNS FROM `t_shop_money_record` [ RunTime:0.058003s ]
[ sql ] [ SQL ] SELECT `shopId`,`schoolId`,`isOff`,SUM(money) as allMoney FROM `t_shop_money_record` WHERE  `recordDate` BETWEEN 1527696000 AND 1528300799  AND `shopId` = 1 GROUP BY schoolId,isOff [ RunTime:0.028001s ]
---------------------------------------------------------------
[ 2018-06-07T17:55:36+08:00 ] 127.0.0.1 127.0.0.1 GET /admin/Finance/adminMoneyDetailBill/id/1/shopId/1/sTime/2018-05-31/eTime/2018-06-06.html
[ info ] yx.com/admin/Finance/adminMoneyDetailBill/id/1/shopId/1/sTime/2018-05-31/eTime/2018-06-06.html [运行时间：1.450083s][吞吐率：0.69req/s] [内存消耗：5,319.98kb] [文件加载：54]
[ info ] [ LANG ] D:\wamp64\web\youxue\thinkphp\lang\zh-cn.php
[ info ] [ ROUTE ] array (
  'type' => 'module',
  'module' => 
  array (
    0 => 'admin',
    1 => 'Finance',
    2 => 'adminMoneyDetailBill',
  ),
)
[ info ] [ HEADER ] array (
  'host' => 'yx.com',
  'user-agent' => 'Mozilla/5.0 (Windows NT 6.1; Win64; x64; rv:60.0) Gecko/20100101 Firefox/60.0',
  'accept' => 'text/html,application/xhtml+xml,application/xml;q=0.9,*/*;q=0.8',
  'accept-language' => 'zh-CN,zh;q=0.8,zh-TW;q=0.7,zh-HK;q=0.5,en-US;q=0.3,en;q=0.2',
  'accept-encoding' => 'gzip, deflate',
  'referer' => 'http://yx.com/admin/Finance/adminMoneyBill/id/1/sTime/2018-05-31/eTime/2018-06-06.html',
  'cookie' => 'PHPSESSID=hd4p2672o2p3tbdnss6oe0hl52',
  'connection' => 'keep-alive',
  'upgrade-insecure-requests' => '1',
)
[ info ] [ PARAM ] array (
  'id' => '1',
  'shopId' => '1',
  'sTime' => '2018-05-31',
  'eTime' => '2018-06-06',
)
[ info ] [ SESSION ] INIT array (
  'id' => '',
  'var_session_id' => '',
  'prefix' => 'think',
  'type' => '',
  'auto_start' => true,
)
[ info ] [ DB ] INIT mysql
[ info ] [ RUN ] app\admin\controller\Finance->adminMoneyDetailBill[ D:\wamp64\web\youxue\application\admin\controller\Finance.php ]
[ info ] [ VIEW ] D:\wamp64\web\youxue\public/../application/admin\view\finance\adminMoneyDetailBill.html [ array (
  0 => 'menus',
  1 => 'datas',
  2 => 'userStatus',
  3 => 'status',
  4 => 'lists',
  5 => 'page',
  6 => 'lists1',
  7 => 'page1',
) ]
[ info ] [ LOG ] INIT File
[ sql ] [ DB ] CONNECT:[ UseTime:0.064004s ] mysql:dbname=yxtest;host=106.15.180.65;port=3306;charset=utf8
[ sql ] [ SQL ] SHOW COLUMNS FROM `t_admin_access` [ RunTime:0.045003s ]
[ sql ] [ SQL ] SELECT `ids` FROM `t_admin_access` WHERE  `uid` = 1 LIMIT 1 [ RunTime:0.048002s ]
[ sql ] [ SQL ] SHOW COLUMNS FROM `t_menu` [ RunTime:0.040002s ]
[ sql ] [ SQL ] SELECT `id` FROM `t_menu` WHERE  `url` = 'admin/Finance/adminMoneyDetailBill' LIMIT 1 [ RunTime:0.381022s ]
[ sql ] [ SQL ] SELECT `id`,`url`,`pid`,`name`,`icon` FROM `t_menu` WHERE  `status` = 1  AND `type` = 1 ORDER BY `sort`  DESC,`id`  ASC [ RunTime:0.023001s ]
[ sql ] [ SQL ] SHOW COLUMNS FROM `t_order_class` [ RunTime:0.035002s ]
[ sql ] [ SQL ] SELECT COUNT(*) AS tp_count FROM t_order_class o LEFT JOIN `t_user` `u` ON `u`.`id`=`o`.`userId` WHERE  `o`.`isSign` = 1  AND `o`.`schoolId` = '1'  AND `o`.`signDate` BETWEEN 1527696000 AND 1528300799 LIMIT 1 [ RunTime:0.038002s ]
[ sql ] [ SQL ] SELECT `o`.`orderNo`,`o`.`name`,`o`.`money`,`o`.`shopMoney`,`o`.`signDate`,`o`.`isOldCustom`,u.name as userName,u.phone as userPhone FROM t_order_class o LEFT JOIN `t_user` `u` ON `u`.`id`=`o`.`userId` WHERE  `o`.`isSign` = 1  AND `o`.`schoolId` = '1'  AND `o`.`signDate` BETWEEN 1527696000 AND 1528300799 LIMIT 0,10 [ RunTime:0.074004s ]
[ sql ] [ SQL ] SHOW COLUMNS FROM `t_activity_wrk_info` [ RunTime:0.024002s ]
[ sql ] [ SQL ] SELECT COUNT(*) AS tp_count FROM t_activity_wrk_info w LEFT JOIN `t_activity_wrk_order` `o` ON `o`.`id`=`w`.`wrkOrderId` LEFT JOIN `t_user` `u` ON `u`.`id`=`w`.`userId` WHERE  `w`.`isSign` = 1  AND `w`.`schoolId` = '1'  AND `w`.`signTime` BETWEEN 1527696000 AND 1528300799 LIMIT 1 [ RunTime:0.049003s ]
[ sql ] [ SQL ] SELECT `o`.`orderNo`,o.name as activityName,`o`.`money`,w.name as className,`w`.`signTime`,u.name as userName,u.phone as userPhone FROM t_activity_wrk_info w LEFT JOIN `t_activity_wrk_order` `o` ON `o`.`id`=`w`.`wrkOrderId` LEFT JOIN `t_user` `u` ON `u`.`id`=`w`.`userId` WHERE  `w`.`isSign` = 1  AND `w`.`schoolId` = '1'  AND `w`.`signTime` BETWEEN 1527696000 AND 1528300799 LIMIT 0,10 [ RunTime:0.445025s ]
---------------------------------------------------------------
[ 2018-06-07T17:55:46+08:00 ] 127.0.0.1 127.0.0.1 GET /admin/Finance/adminMoney.html
[ info ] yx.com/admin/Finance/adminMoney.html [运行时间：0.669039s][吞吐率：1.49req/s] [内存消耗：5,082.59kb] [文件加载：52]
[ info ] [ LANG ] D:\wamp64\web\youxue\thinkphp\lang\zh-cn.php
[ info ] [ ROUTE ] array (
  'type' => 'module',
  'module' => 
  array (
    0 => 'admin',
    1 => 'Finance',
    2 => 'adminMoney',
  ),
)
[ info ] [ HEADER ] array (
  'host' => 'yx.com',
  'user-agent' => 'Mozilla/5.0 (Windows NT 6.1; Win64; x64; rv:60.0) Gecko/20100101 Firefox/60.0',
  'accept' => 'text/html,application/xhtml+xml,application/xml;q=0.9,*/*;q=0.8',
  'accept-language' => 'zh-CN,zh;q=0.8,zh-TW;q=0.7,zh-HK;q=0.5,en-US;q=0.3,en;q=0.2',
  'accept-encoding' => 'gzip, deflate',
  'referer' => 'http://yx.com/admin/index/index.html',
  'cookie' => 'PHPSESSID=hd4p2672o2p3tbdnss6oe0hl52',
  'connection' => 'keep-alive',
  'upgrade-insecure-requests' => '1',
)
[ info ] [ PARAM ] array (
)
[ info ] [ SESSION ] INIT array (
  'id' => '',
  'var_session_id' => '',
  'prefix' => 'think',
  'type' => '',
  'auto_start' => true,
)
[ info ] [ DB ] INIT mysql
[ info ] [ RUN ] app\admin\controller\Finance->adminMoney[ D:\wamp64\web\youxue\application\admin\controller\Finance.php ]
[ info ] [ VIEW ] D:\wamp64\web\youxue\public/../application/admin\view\finance\adminMoney.html [ array (
  0 => 'menus',
  1 => 'date',
  2 => 'totalData',
  3 => 'shops',
  4 => 'lists',
  5 => 'page',
) ]
[ info ] [ LOG ] INIT File
[ sql ] [ DB ] CONNECT:[ UseTime:0.032002s ] mysql:dbname=yxtest;host=106.15.180.65;port=3306;charset=utf8
[ sql ] [ SQL ] SHOW COLUMNS FROM `t_admin_access` [ RunTime:0.036002s ]
[ sql ] [ SQL ] SELECT `ids` FROM `t_admin_access` WHERE  `uid` = 1 LIMIT 1 [ RunTime:0.021001s ]
[ sql ] [ SQL ] SHOW COLUMNS FROM `t_menu` [ RunTime:0.022002s ]
[ sql ] [ SQL ] SELECT `id` FROM `t_menu` WHERE  `url` = 'admin/Finance/adminMoney' LIMIT 1 [ RunTime:0.036002s ]
[ sql ] [ SQL ] SELECT `id`,`url`,`pid`,`name`,`icon` FROM `t_menu` WHERE  `status` = 1  AND `type` = 1 ORDER BY `sort`  DESC,`id`  ASC [ RunTime:0.022001s ]
[ sql ] [ SQL ] SHOW COLUMNS FROM `t_shop_money_record` [ RunTime:0.027001s ]
[ sql ] [ SQL ] SELECT SUM(money) AS tp_sum FROM `t_shop_money_record` WHERE  `recordDate` BETWEEN 1527696000 AND 1528300799 LIMIT 1 [ RunTime:0.052003s ]
[ sql ] [ SQL ] SELECT SUM(money) AS tp_sum FROM `t_shop_money_record` WHERE  (  isOff=1 )  AND `recordDate` BETWEEN 1527696000 AND 1528300799 LIMIT 1 [ RunTime:0.022002s ]
[ sql ] [ SQL ] SELECT SUM(money) AS tp_sum FROM `t_shop_money_record` WHERE  (  isOff=0 )  AND `recordDate` BETWEEN 1527696000 AND 1528300799 LIMIT 1 [ RunTime:0.035002s ]
[ sql ] [ SQL ] SHOW COLUMNS FROM `t_shop` [ RunTime:0.031002s ]
[ sql ] [ SQL ] SELECT `id`,`name` FROM `t_shop` WHERE  (  status!=3 ) [ RunTime:0.040002s ]
[ sql ] [ SQL ] SELECT COUNT(*) AS tp_count FROM `t_shop` WHERE  (  status!=3 ) LIMIT 1 [ RunTime:0.025001s ]
[ sql ] [ SQL ] SELECT `id`,`name`,money as yuEMoney FROM `t_shop` WHERE  (  status!=3 ) LIMIT 0,10 [ RunTime:0.021001s ]
[ sql ] [ SQL ] SELECT `shopId`,SUM(money) as allMoney FROM `t_shop_money_record` WHERE  `recordDate` BETWEEN 1527696000 AND 1528300799 GROUP BY shopId [ RunTime:0.025001s ]
[ sql ] [ SQL ] SELECT `shopId`,SUM(money) as yesMoney FROM `t_shop_money_record` WHERE  `recordDate` BETWEEN 1527696000 AND 1528300799  AND (  isOff=1 ) GROUP BY shopId [ RunTime:0.029002s ]
[ sql ] [ SQL ] SELECT `shopId`,SUM(money) as noMoney FROM `t_shop_money_record` WHERE  `recordDate` BETWEEN 1527696000 AND 1528300799  AND (  isOff=0 ) GROUP BY shopId [ RunTime:0.041002s ]
